V0090a,panna,panen,panee,panna,pannut,pani,pantu,pannen,panisi,pankaa,pannemme,
V0090a,taata,takaan,takaa,taata,taannut,takasi,taattu,taaten,takaisi,taatkaa,taannemme,
V009Fa,kaita,kaitsen,kaitsee,kaita,kainnut,kaitsi,kaittu,kaiten,kaitsisi,kaitkaa,kainnemme,
V0520a,abstraktistua,abstraktistun,abstraktistuu,abstraktistuta,abstraktistunut,abstraktistui,abstraktistuttu,abstraktistuen,abstraktistuisi,abstraktistukaa,abstraktistunemme,
V0520a,ahdistua,ahdistun,ahdistuu,ahdistuta,ahdistunut,ahdistui,ahdistuttu,ahdistuen,ahdistuisi,ahdistukaa,ahdistunemme,
V0520a,aiheellistua,aiheellistun,aiheellistuu,aiheellistuta,aiheellistunut,aiheellistui,aiheellistuttu,aiheellistuen,aiheellistuisi,aiheellistukaa,aiheellistunemme,
V0520a,aikaistua,aikaistun,aikaistuu,aikaistuta,aikaistunut,aikaistui,aikaistuttu,aikaistuen,aikaistuisi,aikaistukaa,aikaistunemme,
V0520a,aikuistua,aikuistun,aikuistuu,aikuistuta,aikuistunut,aikuistui,aikuistuttu,aikuistuen,aikuistuisi,aikuistukaa,aikuistunemme,
V0520ä,arkipäiväistyä,arkipäiväistyn,arkipäiväistyy,arkipäiväistytä,arkipäiväistynyt,arkipäiväistyi,arkipäiväistytty,arkipäiväistyen,arkipäiväistyisi,arkipäiväistykää,arkipäiväistynemme,
V0520ä,edistyä,edistyn,edistyy,edistytä,edistynyt,edistyi,edistytty,edistyen,edistyisi,edistykää,edistynemme,
V0520ä,ehkäistyä,ehkäistyn,ehkäistyy,ehkäistytä,ehkäistynyt,ehkäistyi,ehkäistytty,ehkäistyen,ehkäistyisi,ehkäistykää,ehkäistynemme,
V0520ä,eksyä,eksyn,eksyy,eksytä,eksynyt,eksyi,eksytty,eksyen,eksyisi,eksykää,eksynemme,
V0520ä,epämääräistyä,epämääräistyn,epämääräistyy,epämääräistytä,epämääräistynyt,epämääräistyi,epämääräistytty,epämääräistyen,epämääräistyisi,epämääräistykää,epämääräistynemme,
V052Aa,haukkoa,haukon,haukkoo,haukota,haukkonut,haukkoi,haukottu,haukkoen,haukkoisi,haukkokaa,haukkonemme,
V052Aa,haukkua,haukun,haukkuu,haukuta,haukkunut,haukkui,haukuttu,haukkuen,haukkuisi,haukkukaa,haukkunemme,
V052Aä,helkkyä,helkyn,helkkyy,helkytä,helkkynyt,helkkyi,helkytty,helkkyen,helkkyisi,helkkykää,helkkynemme,
V052Aa,hukkua,hukun,hukkuu,hukuta,hukkunut,hukkui,hukuttu,hukkuen,hukkuisi,hukkukaa,hukkunemme,
V052Aa,ilkkua,ilkun,ilkkuu,ilkuta,ilkkunut,ilkkui,ilkuttu,ilkkuen,ilkkuisi,ilkkukaa,ilkkunemme,
V052Aä,järkkyä,järkyn,järkkyy,järkytä,järkkynyt,järkkyi,järkytty,järkkyen,järkkyisi,järkkykää,järkkynemme,
V052Aä,kärkkyä,kärkyn,kärkkyy,kärkytä,kärkkynyt,kärkkyi,kärkytty,kärkkyen,kärkkyisi,kärkkykää,kärkkynemme,
V052Aa,keikkua,keikun,keikkuu,keikuta,keikkunut,keikkui,keikuttu,keikkuen,keikkuisi,keikkukaa,keikkunemme,
V052Aä,läikkyä,läikyn,läikkyy,läikytä,läikkynyt,läikkyi,läikytty,läikkyen,läikkyisi,läikkykää,läikkynemme,
V052Aä,rääkkyä,rääkyn,rääkkyy,rääkytä,rääkkynyt,rääkkyi,rääkytty,rääkkyen,rääkkyisi,rääkkykää,rääkkynemme,
V052Ba,harppoa,harpon,harppoo,harpota,harpponut,harppoi,harpottu,harppoen,harppoisi,harppokaa,harpponemme,
V052Ba,hoippua,hoipun,hoippuu,hoiputa,hoippunut,hoippui,hoiputtu,hoippuen,hoippuisi,hoippukaa,hoippunemme,
V052Ba,kieppua,kiepun,kieppuu,kieputa,kieppunut,kieppui,kieputtu,kieppuen,kieppuisi,kieppukaa,kieppunemme,
V052Bä,leppyä,lepyn,leppyy,lepytä,leppynyt,leppyi,lepytty,leppyen,leppyisi,leppykää,leppynemme,
V052Ba,lerppua,lerpun,lerppuu,lerputa,lerppunut,lerppui,lerputtu,lerppuen,lerppuisi,lerppukaa,lerppunemme,
V052Ba,loppua,lopun,loppuu,loputa,loppunut,loppui,loputtu,loppuen,loppuisi,loppukaa,loppunemme,
V052Ca,ajettua,ajetun,ajettuu,ajetuta,ajettunut,ajettui,ajetuttu,ajettuen,ajettuisi,ajettukaa,ajettunemme,
V052Ca,ajoittua,ajoitun,ajoittuu,ajoituta,ajoittunut,ajoittui,ajoituttu,ajoittuen,ajoittuisi,ajoittukaa,ajoittunemme,
V052Ca,akoittua,akoitun,akoittuu,akoituta,akoittunut,akoittui,akoituttu,akoittuen,akoittuisi,akoittukaa,akoittunemme,
V052Ca,alittua,alitun,alittuu,alituta,alittunut,alittui,alituttu,alittuen,alittuisi,alittukaa,alittunemme,
V052Ca,arvettua,arvetun,arvettuu,arvetuta,arvettunut,arvettui,arvetuttu,arvettuen,arvettuisi,arvettukaa,arvettunemme,
V052Cä,erittyä,erityn,erittyy,eritytä,erittynyt,erittyi,eritytty,erittyen,erittyisi,erittykää,erittynemme,
V052Cä,hedelmöittyä,hedelmöityn,hedelmöittyy,hedelmöitytä,hedelmöittynyt,hedelmöittyi,hedelmöitytty,hedelmöittyen,hedelmöittyisi,hedelmöittykää,hedelmöittynemme,
V052Cä,heinittyä,heinityn,heinittyy,heinitytä,heinittynyt,heinittyi,heinitytty,heinittyen,heinittyisi,heinittykää,heinittynemme,
V052Cä,heittyä,heityn,heittyy,heitytä,heittynyt,heittyi,heitytty,heittyen,heittyisi,heittykää,heittynemme,
V052Cä,hiilettyä,hiiletyn,hiilettyy,hiiletytä,hiilettynyt,hiilettyi,hiiletytty,hiilettyen,hiilettyisi,hiilettykää,hiilettynemme,
V052Da,aikoa,aion,aikoo,aiota,aikonut,aikoi,aiottu,aikoen,aikoisi,aikokaa,aikonemme,
V052Da,aukoa,auon,aukoo,auota,aukonut,aukoi,auottu,aukoen,aukoisi,aukokaa,aukonemme,
V052Da,halkoa,halon,halkoo,halota,halkonut,halkoi,halottu,halkoen,halkoisi,halkokaa,halkonemme,
V052Da,hiukoa,hiuon,hiukoo,hiuota,hiukonut,hiukoi,hiuottu,hiukoen,hiukoisi,hiukokaa,hiukonemme,
V052Da,huokua,huoun,huokuu,huouta,huokunut,huokui,huouttu,huokuen,huokuisi,huokukaa,huokunemme,
V052Dä,hyökyä,hyöyn,hyökyy,hyöytä,hyökynyt,hyökyi,hyöytty,hyökyen,hyökyisi,hyökykää,hyökynemme,
V052Dä,määkyä,määyn,määkyy,määytä,määkynyt,määkyi,määytty,määkyen,määkyisi,määkykää,määkynemme,
V052Dä,mäikyä,mäiyn,mäikyy,mäiytä,mäikynyt,mäikyi,mäiytty,mäikyen,mäikyisi,mäikykää,mäikynemme,
V052Dä,näkyä,näyn,näkyy,näytä,näkynyt,näkyi,näytty,näkyen,näkyisi,näkykää,näkynemme,
V052Dä,räikyä,räiyn,räikyy,räiytä,räikynyt,räikyi,räiytty,räikyen,räikyisi,räikykää,räikynemme,
V052Ea,arpoa,arvon,arpoo,arvota,arponut,arpoi,arvottu,arpoen,arpoisi,arpokaa,arponemme,
V052Eä,elpyä,elvyn,elpyy,elvytä,elpynyt,elpyi,elvytty,elpyen,elpyisi,elpykää,elpynemme,
V052Ea,haipua,haivun,haipuu,haivuta,haipunut,haipui,haivuttu,haipuen,haipuisi,haipukaa,haipunemme,
V052Eä,häipyä,häivyn,häipyy,häivytä,häipynyt,häipyi,häivytty,häipyen,häipyisi,häipykää,häipynemme,
V052Ea,hiipua,hiivun,hiipuu,hiivuta,hiipunut,hiipui,hiivuttu,hiipuen,hiipuisi,hiipukaa,hiipunemme,
V052Ea,hipoa,hivon,hipoo,hivota,hiponut,hipoi,hivottu,hipoen,hipoisi,hipokaa,hiponemme,
V052Ea,huopua,huovun,huopuu,huovuta,huopunut,huopui,huovuttu,huopuen,huopuisi,huopukaa,huopunemme,
V052Eä,syöpyä,syövyn,syöpyy,syövytä,syöpynyt,syöpyi,syövytty,syöpyen,syöpyisi,syöpykää,syöpynemme,
V052Eä,viipyä,viivyn,viipyy,viivytä,viipynyt,viipyi,viivytty,viipyen,viipyisi,viipykää,viipynemme,
V052Eä,yöpyä,yövyn,yöpyy,yövytä,yöpynyt,yöpyi,yövytty,yöpyen,yöpyisi,yöpykää,yöpynemme,
V052Fa,aavikoitua,aavikoidun,aavikoituu,aavikoiduta,aavikoitunut,aavikoitui,aavikoiduttu,aavikoituen,aavikoituisi,aavikoitukaa,aavikoitunemme,
V052Fa,absorboitua,absorboidun,absorboituu,absorboiduta,absorboitunut,absorboitui,absorboiduttu,absorboituen,absorboituisi,absorboitukaa,absorboitunemme,
V052Fa,abstrahoitua,abstrahoidun,abstrahoituu,abstrahoiduta,abstrahoitunut,abstrahoitui,abstrahoiduttu,abstrahoituen,abstrahoituisi,abstrahoitukaa,abstrahoitunemme,
V052Fa,adaptoitua,adaptoidun,adaptoituu,adaptoiduta,adaptoitunut,adaptoitui,adaptoiduttu,adaptoituen,adaptoituisi,adaptoitukaa,adaptoitunemme,
V052Fa,adsorboitua,adsorboidun,adsorboituu,adsorboiduta,adsorboitunut,adsorboitui,adsorboiduttu,adsorboituen,adsorboituisi,adsorboitukaa,adsorboitunemme,
V052Fä,eheytyä,eheydyn,eheytyy,eheydytä,eheytynyt,eheytyi,eheydytty,eheytyen,eheytyisi,eheytykää,eheytynemme,
V052Fä,ehtyä,ehdyn,ehtyy,ehdytä,ehtynyt,ehtyi,ehdytty,ehtyen,ehtyisi,ehtykää,ehtynemme,
V052Fä,eläköityä,eläköidyn,eläköityy,eläköidytä,eläköitynyt,eläköityi,eläköidytty,eläköityen,eläköityisi,eläköitykää,eläköitynemme,
V052Fä,elävöityä,elävöidyn,elävöityy,elävöidytä,elävöitynyt,elävöityi,elävöidytty,elävöityen,elävöityisi,elävöitykää,elävöitynemme,
V052Fä,eläytyä,eläydyn,eläytyy,eläydytä,eläytynyt,eläytyi,eläydytty,eläytyen,eläytyisi,eläytykää,eläytynemme,
V052Ga,hinkua,hingun,hinkuu,hinguta,hinkunut,hinkui,hinguttu,hinkuen,hinkuisi,hinkukaa,hinkunemme,
V052Ga,mankua,mangun,mankuu,manguta,mankunut,mankui,manguttu,mankuen,mankuisi,mankukaa,mankunemme,
V052Ga,monkua,mongun,monkuu,monguta,monkunut,monkui,monguttu,monkuen,monkuisi,monkukaa,monkunemme,
V052Ga,penkoa,pengon,penkoo,pengota,penkonut,penkoi,pengottu,penkoen,penkoisi,penkokaa,penkonemme,
V052Ga,pinkoa,pingon,pinkoo,pingota,pinkonut,pinkoi,pingottu,pinkoen,pinkoisi,pinkokaa,pinkonemme,
V052Ha,ampua,ammun,ampuu,ammuta,ampunut,ampui,ammuttu,ampuen,ampuisi,ampukaa,ampunemme,
V052Ha,tempoa,temmon,tempoo,temmota,temponut,tempoi,temmottu,tempoen,tempoisi,tempokaa,temponemme,
V052Ia,haaltua,haallun,haaltuu,haalluta,haaltunut,haaltui,haalluttu,haaltuen,haaltuisi,haaltukaa,haaltunemme,
V052Iä,häkeltyä,häkellyn,häkeltyy,häkellytä,häkeltynyt,häkeltyi,häkellytty,häkeltyen,häkeltyisi,häkeltykää,häkeltynemme,
V052Iä,heltyä,hellyn,heltyy,hellytä,heltynyt,heltyi,hellytty,heltyen,heltyisi,heltykää,heltynemme,
V052Iä,hiiltyä,hiillyn,hiiltyy,hiillytä,hiiltynyt,hiiltyi,hiillytty,hiiltyen,hiiltyisi,hiiltykää,hiiltynemme,
V052Iä,höltyä,höllyn,höltyy,höllytä,höltynyt,höltyi,höllytty,höltyen,höltyisi,höltykää,höltynemme,
V052Ia,humaltua,humallun,humaltuu,humalluta,humaltunut,humaltui,humalluttu,humaltuen,humaltuisi,humaltukaa,humaltunemme,
V052Iä,imeltyä,imellyn,imeltyy,imellytä,imeltynyt,imeltyi,imellytty,imeltyen,imeltyisi,imeltykää,imeltynemme,
V052Ia,madaltua,madallun,madaltuu,madalluta,madaltunut,madaltui,madalluttu,madaltuen,madaltuisi,madaltukaa,madaltunemme,
V052Ia,paleltua,palellun,paleltuu,palelluta,paleltunut,paleltui,palelluttu,paleltuen,paleltuisi,paleltukaa,paleltunemme,
V052Ia,sammaltua,sammallun,sammaltuu,sammalluta,sammaltunut,sammaltui,sammalluttu,sammaltuen,sammaltuisi,sammaltukaa,sammaltunemme,
V052Ja,ajaantua,ajaannun,ajaantuu,ajaannuta,ajaantunut,ajaantui,ajaannuttu,ajaantuen,ajaantuisi,ajaantukaa,ajaantunemme,
V052Ja,alentua,alennun,alentuu,alennuta,alentunut,alentui,alennuttu,alentuen,alentuisi,alentukaa,alentunemme,
V052Ja,blokkiintua,blokkiinnun,blokkiintuu,blokkiinnuta,blokkiintunut,blokkiintui,blokkiinnuttu,blokkiintuen,blokkiintuisi,blokkiintukaa,blokkiintunemme,
V052Ja,eltaantua,eltaannun,eltaantuu,eltaannuta,eltaantunut,eltaantui,eltaannuttu,eltaantuen,eltaantuisi,eltaantukaa,eltaantunemme,
V052Jä,enentyä,enennyn,enentyy,enennytä,enentynyt,enentyi,enennytty,enentyen,enentyisi,enentykää,enentynemme,
V052Jä,erääntyä,eräännyn,erääntyy,eräännytä,erääntynyt,erääntyi,eräännytty,erääntyen,erääntyisi,erääntykää,erääntynemme,
V052Ja,erkaantua,erkaannun,erkaantuu,erkaannuta,erkaantunut,erkaantui,erkaannuttu,erkaantuen,erkaantuisi,erkaantukaa,erkaantunemme,
V052Jä,esiintyä,esiinnyn,esiintyy,esiinnytä,esiintynyt,esiintyi,esiinnytty,esiintyen,esiintyisi,esiintykää,esiintynemme,
V052Jä,etääntyä,etäännyn,etääntyy,etäännytä,etääntynyt,etääntyi,etäännytty,etääntyen,etääntyisi,etääntykää,etääntynemme,
V052Jä,heikentyä,heikennyn,heikentyy,heikennytä,heikentynyt,heikentyi,heikennytty,heikentyen,heikentyisi,heikentykää,heikentynemme,
V052Ka,avartua,avarrun,avartuu,avarruta,avartunut,avartui,avarruttu,avartuen,avartuisi,avartukaa,avartunemme,
V052Kä,hämärtyä,hämärryn,hämärtyy,hämärrytä,hämärtynyt,hämärtyi,hämärrytty,hämärtyen,hämärtyisi,hämärtykää,hämärtynemme,
V052Ka,hapertua,haperrun,hapertuu,haperruta,hapertunut,hapertui,haperruttu,hapertuen,hapertuisi,hapertukaa,hapertunemme,
V052Kä,hiertyä,hierryn,hiertyy,hierrytä,hiertynyt,hiertyi,hierrytty,hiertyen,hiertyisi,hiertykää,hiertynemme,
V052Ka,huurtua,huurrun,huurtuu,huurruta,huurtunut,huurtui,huurruttu,huurtuen,huurtuisi,huurtukaa,huurtunemme,
V052Ka,juurtua,juurrun,juurtuu,juurruta,juurtunut,juurtui,juurruttu,juurtuen,juurtuisi,juurtukaa,juurtunemme,
V052Ka,kaartua,kaarrun,kaartuu,kaarruta,kaartunut,kaartui,kaarruttu,kaartuen,kaartuisi,kaartukaa,kaartunemme,
V052Kä,kellertyä,kellerryn,kellertyy,kellerrytä,kellertynyt,kellertyi,kellerrytty,kellertyen,kellertyisi,kellertykää,kellertynemme,
V052Kä,kertyä,kerryn,kertyy,kerrytä,kertynyt,kertyi,kerrytty,kertyen,kertyisi,kertykää,kertynemme,
V052Kä,kiertyä,kierryn,kiertyy,kierrytä,kiertynyt,kiertyi,kierrytty,kiertyen,kiertyisi,kiertykää,kiertynemme,
V0530a,aakkostaa,aakkostan,aakkostaa,aakkosteta,aakkostanut,aakkosti,aakkostettu,aakkostaen,aakkostaisi,aakkostakaa,aakkostanemme,
V0530a,aavistaa,aavistan,aavistaa,aavisteta,aavistanut,aavisti,aavistettu,aavistaen,aavistaisi,aavistakaa,aavistanemme,
V0530a,abstraktistaa,abstraktistan,abstraktistaa,abstraktisteta,abstraktistanut,abstraktisti,abstraktistettu,abstraktistaen,abstraktistaisi,abstraktistakaa,abstraktistanemme,
V0530a,ahdistaa,ahdistan,ahdistaa,ahdisteta,ahdistanut,ahdisti,ahdistettu,ahdistaen,ahdistaisi,ahdistakaa,ahdistanemme,
V0530a,aiheellistaa,aiheellistan,aiheellistaa,aiheellisteta,aiheellistanut,aiheellisti,aiheellistettu,aiheellistaen,aiheellistaisi,aiheellistakaa,aiheellistanemme,
V0530ä,arkipäiväistää,arkipäiväistän,arkipäiväistää,arkipäiväistetä,arkipäiväistänyt,arkipäiväisti,arkipäiväistetty,arkipäiväistäen,arkipäiväistäisi,arkipäiväistäkää,arkipäiväistänemme,
V0530ä,edistää,edistän,edistää,edistetä,edistänyt,edisti,edistetty,edistäen,edistäisi,edistäkää,edistänemme,
V0530ä,elää,elän,elää,eletä,elänyt,eli,eletty,eläen,eläisi,eläkää,elänemme,
V0530ä,enimmäistää,enimmäistän,enimmäistää,enimmäistetä,enimmäistänyt,enimmäisti,enimmäistetty,enimmäistäen,enimmäistäisi,enimmäistäkää,enimmäistänemme,
V0530ä,entistää,entistän,entistää,entistetä,entistänyt,entisti,entistetty,entistäen,entistäisi,entistäkää,entistänemme,
V053Ca,aallottaa,aallotan,aallottaa,aalloteta,aallottanut,aallotti,aallotettu,aallottaen,aallottaisi,aallottakaa,aallottanemme,
V053Ca,ahavoittaa,ahavoitan,ahavoittaa,ahavoiteta,ahavoittanut,ahavoitti,ahavoitettu,ahavoittaen,ahavoittaisi,ahavoittakaa,ahavoittanemme,
V053Ca,ahtauttaa,ahtautan,ahtauttaa,ahtauteta,ahtauttanut,ahtautti,ahtautettu,ahtauttaen,ahtauttaisi,ahtauttakaa,ahtauttanemme,
V053Ca,aidoittaa,aidoitan,aidoittaa,aidoiteta,aidoittanut,aidoitti,aidoitettu,aidoittaen,aidoittaisi,aidoittakaa,aidoittanemme,
V053Ca,aiheuttaa,aiheutan,aiheuttaa,aiheuteta,aiheuttanut,aiheutti,aiheutettu,aiheuttaen,aiheuttaisi,aiheuttakaa,aiheuttanemme,
V053Cä,edellyttää,edellytän,edellyttää,edellytetä,edellyttänyt,edellytti,edellytetty,edellyttäen,edellyttäisi,edellyttäkää,edellyttänemme,
V053Cä,ehättää,ehätän,ehättää,ehätetä,ehättänyt,ehätti,ehätetty,ehättäen,ehättäisi,ehättäkää,ehättänemme,
V053Cä,ehdyttää,ehdytän,ehdyttää,ehdytetä,ehdyttänyt,ehdytti,ehdytetty,ehdyttäen,ehdyttäisi,ehdyttäkää,ehdyttänemme,
V053Cä,eheyttää,eheytän,eheyttää,eheytetä,eheyttänyt,eheytti,eheytetty,eheyttäen,eheyttäisi,eheyttäkää,eheyttänemme,
V053Cä,eksyttää,eksytän,eksyttää,eksytetä,eksyttänyt,eksytti,eksytetty,eksyttäen,eksyttäisi,eksyttäkää,eksyttänemme,
V053Da,purkaa,puran,purkaa,pureta,purkanut,purki,purettu,purkaen,purkaisi,purkakaa,purkanemme,
V053Fa,ailahtaa,ailahdan,ailahtaa,ailahdeta,ailahtanut,ailahti,ailahdettu,ailahtaen,ailahtaisi,ailahtakaa,ailahtanemme,
V053Fa,armahtaa,armahdan,armahtaa,armahdeta,armahtanut,armahti,armahdettu,armahtaen,armahtaisi,armahtakaa,armahtanemme,
V053Fa,astahtaa,astahdan,astahtaa,astahdeta,astahtanut,astahti,astahdettu,astahtaen,astahtaisi,astahtakaa,astahtanemme,
V053Fa,hairahtaa,hairahdan,hairahtaa,hairahdeta,hairahtanut,hairahti,hairahdettu,hairahtaen,hairahtaisi,hairahtakaa,hairahtanemme,
V053Fa,haiskahtaa,haiskahdan,haiskahtaa,haiskahdeta,haiskahtanut,haiskahti,haiskahdettu,haiskahtaen,haiskahtaisi,haiskahtakaa,haiskahtanemme,
V053Fä,helähtää,helähdän,helähtää,helähdetä,helähtänyt,helähti,helähdetty,helähtäen,helähtäisi,helähtäkää,helähtänemme,
V053Fä,helskähtää,helskähdän,helskähtää,helskähdetä,helskähtänyt,helskähti,helskähdetty,helskähtäen,helskähtäisi,helskähtäkää,helskähtänemme,
V053Fä,hengähtää,hengähdän,hengähtää,hengähdetä,hengähtänyt,hengähti,hengähdetty,hengähtäen,hengähtäisi,hengähtäkää,hengähtänemme,
V053Fä,hiihtää,hiihdän,hiihtää,hiihdetä,hiihtänyt,hiihti,hiihdetty,hiihtäen,hiihtäisi,hiihtäkää,hiihtänemme,
V053Fä,hymähtää,hymähdän,hymähtää,hymähdetä,hymähtänyt,hymähti,hymähdetty,hymähtäen,hymähtäisi,hymähtäkää,hymähtänemme,
V053Jä,kyntää,kynnän,kyntää,kynnetä,kyntänyt,kynti,kynnetty,kyntäen,kyntäisi,kyntäkää,kyntänemme,
V053Ka,sortaa,sorran,sortaa,sorreta,sortanut,sorsi/sorti,sorrettu,sortaen,sortaisi,sortakaa,sortanemme,
V0540ä,lypsää,lypsän,lypsää,lypsetä,lypsänyt,lypsi,lypsetty,lypsäen,lypsäisi,lypsäkää,lypsänemme,
V0540ä,pieksää,pieksän,pieksää,pieksetä,pieksänyt,pieksi,pieksetty,pieksäen,pieksäisi,pieksäkää,pieksänemme,
V054Fa,huutaa,huudan,huutaa,huudeta,huutanut,huusi,huudettu,huutaen,huutaisi,huutakaa,huutanemme,
V054Fä,löytää,löydän,löytää,löydetä,löytänyt,löysi,löydetty,löytäen,löytäisi,löytäkää,löytänemme,
V054Fä,pyytää,pyydän,pyytää,pyydetä,pyytänyt,pyysi,pyydetty,pyytäen,pyytäisi,pyytäkää,pyytänemme,
V054Ia,askeltaa,askellan,askeltaa,askelleta,askeltanut,askelsi,askellettu,askeltaen,askeltaisi,askeltakaa,askeltanemme,
V054Iä,edeltää,edellän,edeltää,edelletä,edeltänyt,edelsi,edelletty,edeltäen,edeltäisi,edeltäkää,edeltänemme,
V054Iä,hiiltää,hiillän,hiiltää,hiilletä,hiiltänyt,hiilsi,hiilletty,hiiltäen,hiiltäisi,hiiltäkää,hiiltänemme,
V054Iä,hiveltää,hivellän,hiveltää,hivelletä,hiveltänyt,hivelsi,hivelletty,hiveltäen,hiveltäisi,hiveltäkää,hiveltänemme,
V054Ia,hujeltaa,hujellan,hujeltaa,hujelleta,hujeltanut,hujelsi,hujellettu,hujeltaen,hujeltaisi,hujeltakaa,hujeltanemme,
V054Ia,huoltaa,huollan,huoltaa,huolleta,huoltanut,huolsi,huollettu,huoltaen,huoltaisi,huoltakaa,huoltanemme,
V054Ia,huultaa,huullan,huultaa,huulleta,huultanut,huulsi,huullettu,huultaen,huultaisi,huultakaa,huultanemme,
V054Iä,imeltää,imellän,imeltää,imelletä,imeltänyt,imelsi,imelletty,imeltäen,imeltäisi,imeltäkää,imeltänemme,
V054Ia,jokeltaa,jokellan,jokeltaa,jokelleta,jokeltanut,jokelsi,jokellettu,jokeltaen,jokeltaisi,jokeltakaa,jokeltanemme,
V054Iä,kieltää,kiellän,kieltää,kielletä,kieltänyt,kielsi,kielletty,kieltäen,kieltäisi,kieltäkää,kieltänemme,
V054Ja,aientaa,aiennan,aientaa,aienneta,aientanut,aiensi,aiennettu,aientaen,aientaisi,aientakaa,aientanemme,
V054Ja,alentaa,alennan,alentaa,alenneta,alentanut,alensi,alennettu,alentaen,alentaisi,alentakaa,alentanemme,
V054Ja,ammentaa,ammennan,ammentaa,ammenneta,ammentanut,ammensi,ammennettu,ammentaen,ammentaisi,ammentakaa,ammentanemme,
V054Ja,asentaa,asennan,asentaa,asenneta,asentanut,asensi,asennettu,asentaen,asentaisi,asentakaa,asentanemme,
V054Jä,enentää,enennän,enentää,enennetä,enentänyt,enensi,enennetty,enentäen,enentäisi,enentäkää,enentänemme,
V054Ja,englannintaa,englanninnan,englannintaa,englanninneta,englannintanut,englanninsi,englanninnettu,englannintaen,englannintaisi,englannintakaa,englannintanemme,
V054Jä,filmintää,filminnän,filmintää,filminnetä,filmintänyt,filminsi,filminnetty,filmintäen,filmintäisi,filmintäkää,filmintänemme,
V054Jä,heikentää,heikennän,heikentää,heikennetä,heikentänyt,heikensi,heikennetty,heikentäen,heikentäisi,heikentäkää,heikentänemme,
V054Jä,herkentää,herkennän,herkentää,herkennetä,herkentänyt,herkensi,herkennetty,herkentäen,herkentäisi,herkentäkää,herkentänemme,
V054Jä,hiljentää,hiljennän,hiljentää,hiljennetä,hiljentänyt,hiljensi,hiljennetty,hiljentäen,hiljentäisi,hiljentäkää,hiljentänemme,
V054Ka,ahertaa,aherran,ahertaa,aherreta,ahertanut,ahersi,aherrettu,ahertaen,ahertaisi,ahertakaa,ahertanemme,
V054Ka,avartaa,avarran,avartaa,avarreta,avartanut,avarsi,avarrettu,avartaen,avartaisi,avartakaa,avartanemme,
V054Kä,hämärtää,hämärrän,hämärtää,hämärretä,hämärtänyt,hämärsi,hämärretty,hämärtäen,hämärtäisi,hämärtäkää,hämärtänemme,
V054Kä,hiertää,hierrän,hiertää,hierretä,hiertänyt,hiersi,hierretty,hiertäen,hiertäisi,hiertäkää,hiertänemme,
V054Ka,huurtaa,huurran,huurtaa,huurreta,huurtanut,huursi,huurrettu,huurtaen,huurtaisi,huurtakaa,huurtanemme,
V054Kä,hykertää,hykerrän,hykertää,hykerretä,hykertänyt,hykersi,hykerretty,hykertäen,hykertäisi,hykertäkää,hykertänemme,
V054Ka,juurtaa,juurran,juurtaa,juurreta,juurtanut,juursi,juurrettu,juurtaen,juurtaisi,juurtakaa,juurtanemme,
V054Kä,jykertää,jykerrän,jykertää,jykerretä,jykertänyt,jykersi,jykerretty,jykertäen,jykertäisi,jykertäkää,jykertänemme,
V054Ka,kaakertaa,kaakerran,kaakertaa,kaakerreta,kaakertanut,kaakersi,kaakerrettu,kaakertaen,kaakertaisi,kaakertakaa,kaakertanemme,
V054Kä,kellertää,kellerrän,kellertää,kellerretä,kellertänyt,kellersi,kellerretty,kellertäen,kellertäisi,kellertäkää,kellertänemme,
V055Fä,häätää,häädän,häätää,häädetä,häätänyt,hääsi/hääti,häädetty,häätäen,häätäisi,häätäkää,häätänemme,
V055Fä,hyytää,hyydän,hyytää,hyydetä,hyytänyt,hyysi/hyyti,hyydetty,hyytäen,hyytäisi,hyytäkää,hyytänemme,
V055Fä,kiitää,kiidän,kiitää,kiidetä,kiitänyt,kiisi/kiiti,kiidetty,kiitäen,kiitäisi,kiitäkää,kiitänemme,
V055Fä,liitää,liidän,liitää,liidetä,liitänyt,liisi/liiti,liidetty,liitäen,liitäisi,liitäkää,liitänemme,
V055Fa,soutaa,soudan,soutaa,soudeta,soutanut,sousi/souti,soudettu,soutaen,soutaisi,soutakaa,soutanemme,
V055Iä,yltää,yllän,yltää,ylletä,yltänyt,ylsi/ylti,ylletty,yltäen,yltäisi,yltäkää,yltänemme,
V055Jä,entää,ennän,entää,ennetä,entänyt,ensi/enti,ennetty,entäen,entäisi,entäkää,entänemme,
V0560a,ajaa,ajan,ajaa,ajeta,ajanut,ajoi,ajettu,ajaen,ajaisi,ajakaa,ajanemme,
V0560a,haastaa,haastan,haastaa,haasteta,haastanut,haastoi,haastettu,haastaen,haastaisi,haastakaa,haastanemme,
V0560a,haistaa,haistan,haistaa,haisteta,haistanut,haistoi,haistettu,haistaen,haistaisi,haistakaa,haistanemme,
V0560a,jaksaa,jaksan,jaksaa,jakseta,jaksanut,jaksoi,jaksettu,jaksaen,jaksaisi,jaksakaa,jaksanemme,
V0560a,jatkaa,jatkan,jatkaa,jatketa,jatkanut,jatkoi,jatkettu,jatkaen,jatkaisi,jatkakaa,jatkanemme,
V056Aa,virkkaa,virkan,virkkaa,virketa,virkkanut,virkkoi,virkettu,virkkaen,virkkaisi,virkkakaa,virkkanemme,
V056Ba,appaa,apan,appaa,apeta,appanut,appoi,apettu,appaen,appaisi,appakaa,appanemme,
V056Ba,lappaa,lapan,lappaa,lapeta,lappanut,lappoi,lapettu,lappaen,lappaisi,lappakaa,lappanemme,
V056Ba,tappaa,tapan,tappaa,tapeta,tappanut,tappoi,tapettu,tappaen,tappaisi,tappakaa,tappanemme,
V056Ca,auttaa,autan,auttaa,auteta,auttanut,auttoi,autettu,auttaen,auttaisi,auttakaa,auttanemme,
V056Ca,karttaa,kartan,karttaa,karteta,karttanut,karttoi,kartettu,karttaen,karttaisi,karttakaa,karttanemme,
V056Ca,kattaa,katan,kattaa,kateta,kattanut,kattoi,katettu,kattaen,kattaisi,kattakaa,kattanemme,
V056Ca,laittaa,laitan,laittaa,laiteta,laittanut,laittoi,laitettu,laittaen,laittaisi,laittakaa,laittanemme,
V056Ca,maattaa,maatan,maattaa,maateta,maattanut,maattoi,maatettu,maattaen,maattaisi,maattakaa,maattanemme,
V056Da,alkaa,alan,alkaa,aleta,alkanut,alkoi,alettu,alkaen,alkaisi,alkakaa,alkanemme,
V056Da,jakaa,jaan,jakaa,jaeta,jakanut,jakoi,jaettu,jakaen,jakaisi,jakakaa,jakanemme,
V056Fa,ahtaa,ahdan,ahtaa,ahdeta,ahtanut,ahtoi,ahdettu,ahtaen,ahtaisi,ahtakaa,ahtanemme,
V056Fa,kaihtaa,kaihdan,kaihtaa,kaihdeta,kaihtanut,kaihtoi,kaihdettu,kaihtaen,kaihtaisi,kaihtakaa,kaihtanemme,
V056Fa,mahtaa,mahdan,mahtaa,mahdeta,mahtanut,mahtoi,mahdettu,mahtaen,mahtaisi,mahtakaa,mahtanemme,
V056Fa,mataa,madan,mataa,madeta,matanut,matoi,madettu,mataen,mataisi,matakaa,matanemme,
V056Fa,paahtaa,paahdan,paahtaa,paahdeta,paahtanut,paahtoi,paahdettu,paahtaen,paahtaisi,paahtakaa,paahtanemme,
V056Ja,antaa,annan,antaa,anneta,antanut,antoi,annettu,antaen,antaisi,antakaa,antanemme,
V056Ja,kantaa,kannan,kantaa,kanneta,kantanut,kantoi,kannettu,kantaen,kantaisi,kantakaa,kantanemme,
V057Fa,kaataa,kaadan,kaataa,kaadeta,kaatanut,kaasi/kaatoi,kaadettu,kaataen,kaataisi,kaatakaa,kaatanemme,
V057Ka,kaartaa,kaarran,kaartaa,kaarreta,kaartanut,kaarsi/kaartoi,kaarrettu,kaartaen,kaartaisi,kaartakaa,kaartanemme,
V057Ka,saartaa,saarran,saartaa,saarreta,saartanut,saarsi/saartoi,saarrettu,saartaen,saartaisi,saartakaa,saartanemme,
V0580ä,imeä,imen,imee,imetä,imenyt,imi,imetty,imien,imisi,imekää,imenemme,
V0580ä,iskeä,isken,iskee,isketä,iskenyt,iski,isketty,iskien,iskisi,iskekää,iskenemme,
V0580ä,itkeä,itken,itkee,itketä,itkenyt,itki,itketty,itkien,itkisi,itkekää,itkenemme,
V0580a,kaitsea,kaitsen,kaitsee,kaitseta,kaitsenut,kaitsi,kaitsettu,kaitsien,kaitsisi,kaitsekaa,kaitsenemme,
V0580ä,kitkeä,kitken,kitkee,kitketä,kitkenyt,kitki,kitketty,kitkien,kitkisi,kitkekää,kitkenemme,
V0580a,koskea,kosken,koskee,kosketa,koskenut,koski,koskettu,koskien,koskisi,koskekaa,koskenemme,
V0580ä,kytkeä,kytken,kytkee,kytketä,kytkenyt,kytki,kytketty,kytkien,kytkisi,kytkekää,kytkenemme,
V0580a,laskea,lasken,laskee,lasketa,laskenut,laski,laskettu,laskien,laskisi,laskekaa,laskenemme,
V0580a,puskea,pusken,puskee,pusketa,puskenut,puski,puskettu,puskien,puskisi,puskekaa,puskenemme,
V0580a,sotkea,sotken,sotkee,sotketa,sotkenut,sotki,sotkettu,sotkien,sotkisi,sotkekaa,sotkenemme,
V058Da,hakea,haen,hakee,haeta,hakenut,haki,haettu,hakien,hakisi,hakekaa,hakenemme,
V058Da,hokea,hoen,hokee,hoeta,hokenut,hoki,hoettu,hokien,hokisi,hokekaa,hokenemme,
V058Da,kokea,koen,kokee,koeta,kokenut,koki,koettu,kokien,kokisi,kokekaa,kokenemme,
V058Da,lukea,luen,lukee,lueta,lukenut,luki,luettu,lukien,lukisi,lukekaa,lukenemme,
V058Da,pukea,puen,pukee,pueta,pukenut,puki,puettu,pukien,pukisi,pukekaa,pukenemme,
V058Eä,kylpeä,kylven,kylpee,kylvetä,kylpenyt,kylpi,kylvetty,kylpien,kylpisi,kylpekää,kylpenemme,
V058Eä,rypeä,ryven,rypee,ryvetä,rypenyt,rypi,ryvetty,rypien,rypisi,rypekää,rypenemme,
V058Fa,kutea,kuden,kutee,kudeta,kutenut,kuti,kudettu,kutien,kutisi,kutekaa,kutenemme,
V058Fä,kyteä,kyden,kytee,kydetä,kytenyt,kyti,kydetty,kytien,kytisi,kytekää,kytenemme,
V058Fä,päteä,päden,pätee,pädetä,pätenyt,päti,pädetty,pätien,pätisi,pätekää,pätenemme,
V058Fa,potea,poden,potee,podeta,potenut,poti,podettu,potien,potisi,potekaa,potenemme,
V058Ga,tunkea,tungen,tunkee,tungeta,tunkenut,tunki,tungettu,tunkien,tunkisi,tunkekaa,tunkenemme,
V058La,kulkea,kuljen,kulkee,kuljeta,kulkenut,kulki,kuljettu,kulkien,kulkisi,kulkekaa,kulkenemme,
V058Lä,nylkeä,nyljen,nylkee,nyljetä,nylkenyt,nylki,nyljetty,nylkien,nylkisi,nylkekää,nylkenemme,
V058La,polkea,poljen,polkee,poljeta,polkenut,polki,poljettu,polkien,polkisi,polkekaa,polkenemme,
V058Lä,särkeä,särjen,särkee,särjetä,särkenyt,särki,särjetty,särkien,särkisi,särkekää,särkenemme,
V058La,sulkea,suljen,sulkee,suljeta,sulkenut,sulki,suljettu,sulkien,sulkisi,sulkekaa,sulkenemme,
V058Lä,sylkeä,syljen,sylkee,syljetä,sylkenyt,sylki,syljetty,sylkien,sylkisi,sylkekää,sylkenemme,
V059Ja,tuntea,tunnen,tuntee,tunneta,tuntenut,tunsi,tunnettu,tuntien,tuntisi,tuntekaa,tuntenemme,
V060Fä,lähteä,lähden,lähtee,lähdetä,lähtenyt,lähti/läksi,lähdetty,lähtien,lähtisi,lähtekää,lähtenemme,
V0610a,ahmia,ahmin,ahmii,ahmita,ahminut,ahmi,ahmittu,ahmien,ahmisi,ahmikaa,ahminemme,
V0610a,aistia,aistin,aistii,aistita,aistinut,aisti,aistittu,aistien,aistisi,aistikaa,aistinemme,
V0610ä,etsiä,etsin,etsii,etsitä,etsinyt,etsi,etsitty,etsien,etsisi,etsikää,etsinemme,
V0610a,fudia,fudin,fudii,fudita,fudinut,fudi,fudittu,fudien,fudisi,fudikaa,fudinemme,
V0610a,funtsia,funtsin,funtsii,funtsita,funtsinut,funtsi,funtsittu,funtsien,funtsisi,funtsikaa,funtsinemme,
V0610a,futia,futin,futii,futita,futinut,futi,futittu,futien,futisi,futikaa,futinemme,
V0610ä,helliä,hellin,hellii,hellitä,hellinyt,helli,hellitty,hellien,hellisi,hellikää,hellinemme,
V0610ä,hipsiä,hipsin,hipsii,hipsitä,hipsinyt,hipsi,hipsitty,hipsien,hipsisi,hipsikää,hipsinemme,
V0610ä,hyljeksiä,hyljeksin,hyljeksii,hyljeksitä,hyljeksinyt,hyljeksi,hyljeksitty,hyljeksien,hyljeksisi,hyljeksikää,hyljeksinemme,
V0610ä,hyrskiä,hyrskin,hyrskii,hyrskitä,hyrskinyt,hyrski,hyrskitty,hyrskien,hyrskisi,hyrskikää,hyrskinemme,
V061Aa,hankkia,hankin,hankkii,hankita,hankkinut,hankki,hankittu,hankkien,hankkisi,hankkikaa,hankkinemme,
V061Aa,kakkia,kakin,kakkii,kakita,kakkinut,kakki,kakittu,kakkien,kakkisi,kakkikaa,kakkinemme,
V061Aa,kukkia,kukin,kukkii,kukita,kukkinut,kukki,kukittu,kukkien,kukkisi,kukkikaa,kukkinemme,
V061Aa,kuokkia,kuokin,kuokkii,kuokita,kuokkinut,kuokki,kuokittu,kuokkien,kuokkisi,kuokkikaa,kuokkinemme,
V061Aa,kurkkia,kurkin,kurkkii,kurkita,kurkkinut,kurkki,kurkittu,kurkkien,kurkkisi,kurkkikaa,kurkkinemme,
V061Aä,kykkiä,kykin,kykkii,kykitä,kykkinyt,kykki,kykitty,kykkien,kykkisi,kykkikää,kykkinemme,
V061Aä,kyykkiä,kyykin,kyykkii,kyykitä,kyykkinyt,kyykki,kyykitty,kyykkien,kyykkisi,kyykkikää,kyykkinemme,
V061Aä,leikkiä,leikin,leikkii,leikitä,leikkinyt,leikki,leikitty,leikkien,leikkisi,leikkikää,leikkinemme,
V061Aä,lykkiä,lykin,lykkii,lykitä,lykkinyt,lykki,lykitty,lykkien,lykkisi,lykkikää,lykkinemme,
V061Aä,nyökkiä,nyökin,nyökkii,nyökitä,nyökkinyt,nyökki,nyökitty,nyökkien,nyökkisi,nyökkikää,nyökkinemme,
V061Ba,harppia,harpin,harppii,harpita,harppinut,harppi,harpittu,harppien,harppisi,harppikaa,harppinemme,
V061Bä,hörppiä,hörpin,hörppii,hörpitä,hörppinyt,hörppi,hörpitty,hörppien,hörppisi,hörppikää,hörppinemme,
V061Bä,hyppiä,hypin,hyppii,hypitä,hyppinyt,hyppi,hypitty,hyppien,hyppisi,hyppikää,hyppinemme,
V061Bä,jelppiä,jelpin,jelppii,jelpitä,jelppinyt,jelppi,jelpitty,jelppien,jelppisi,jelppikää,jelppinemme,
V061Ba,jurppia,jurpin,jurppii,jurpita,jurppinut,jurppi,jurpittu,jurppien,jurppisi,jurppikaa,jurppinemme,
V061Ba,kalppia,kalpin,kalppii,kalpita,kalppinut,kalppi,kalpittu,kalppien,kalppisi,kalppikaa,kalppinemme,
V061Bä,lääppiä,lääpin,lääppii,lääpitä,lääppinyt,lääppi,lääpitty,lääppien,lääppisi,lääppikää,lääppinemme,
V061Bä,nyppiä,nypin,nyppii,nypitä,nyppinyt,nyppi,nypitty,nyppien,nyppisi,nyppikää,nyppinemme,
V061Ba,oppia,opin,oppii,opita,oppinut,oppi,opittu,oppien,oppisi,oppikaa,oppinemme,
V061Ba,pomppia,pompin,pomppii,pompita,pomppinut,pomppi,pompittu,pomppien,pomppisi,pomppikaa,pomppinemme,
V061Cä,miettiä,mietin,miettii,mietitä,miettinyt,mietti,mietitty,miettien,miettisi,miettikää,miettinemme,
V061Ca,moittia,moitin,moittii,moitita,moittinut,moitti,moitittu,moittien,moittisi,moittikaa,moittinemme,
V061Ca,nauttia,nautin,nauttii,nautita,nauttinut,nautti,nautittu,nauttien,nauttisi,nauttikaa,nauttinemme,
V061Cä,sättiä,sätin,sättii,sätitä,sättinyt,sätti,sätitty,sättien,sättisi,sättikää,sättinemme,
V061Cä,tenttiä,tentin,tenttii,tentitä,tenttinyt,tentti,tentitty,tenttien,tenttisi,tenttikää,tenttinemme,
V061Dä,määkiä,määin,määkii,määitä,määkinyt,määki,määitty,määkien,määkisi,määkikää,määkinemme,
V061Dä,märkiä,märin,märkii,märitä,märkinyt,märki,märitty,märkien,märkisi,märkikää,märkinemme,
V061Dä,nykiä,nyin,nykii,nyitä,nykinyt,nyki,nyitty,nykien,nykisi,nykikää,nykinemme,
V061Da,poikia,poiin,poikii,poiita,poikinut,poiki,poiittu,poikien,poikisi,poikikaa,poikinemme,
V061Dä,pykiä,pykin,pykii,pykitä,pykinyt,pyki,pykitty,pykien,pykisi,pykikää,pykinemme,
V061Dä,pyrkiä,pyrin,pyrkii,pyritä,pyrkinyt,pyrki,pyritty,pyrkien,pyrkisi,pyrkikää,pyrkinemme,
V061Da,sukia,suin,sukii,suita,sukinut,suki,suittu,sukien,sukisi,sukikaa,sukinemme,
V061Da,sulkia,sulkin,sulkii,sulkita,sulkinut,sulki,sulkittu,sulkien,sulkisi,sulkikaa,sulkinemme,
V061Eä,hiipiä,hiivin,hiipii,hiivitä,hiipinyt,hiipi,hiivitty,hiipien,hiipisi,hiipikää,hiipinemme,
V061Ea,kaapia,kaavin,kaapii,kaavita,kaapinut,kaapi,kaavittu,kaapien,kaapisi,kaapikaa,kaapinemme,
V061Ea,kuopia,kuovin,kuopii,kuovita,kuopinut,kuopi,kuovittu,kuopien,kuopisi,kuopikaa,kuopinemme,
V061Ea,raapia,raavin,raapii,raavita,raapinut,raapi,raavittu,raapien,raapisi,raapikaa,raapinemme,
V061Eä,rääpiä,räävin,rääpii,räävitä,rääpinyt,rääpi,räävitty,rääpien,rääpisi,rääpikää,rääpinemme,
V061Eä,repiä,revin,repii,revitä,repinyt,repi,revitty,repien,repisi,repikää,repinemme,
V061Eä,riipiä,riivin,riipii,riivitä,riipinyt,riipi,riivitty,riipien,riipisi,riipikää,riipinemme,
V061Ea,ruopia,ruovin,ruopii,ruovita,ruopinut,ruopi,ruovittu,ruopien,ruopisi,ruopikaa,ruopinemme,
V061Eä,silpiä,silvin,silpii,silvitä,silpinyt,silpi,silvitty,silpien,silpisi,silpikää,silpinemme,
V061Ea,sopia,sovin,sopii,sovita,sopinut,sopi,sovittu,sopien,sopisi,sopikaa,sopinemme,
V061Fa,ahnehtia,ahnehdin,ahnehtii,ahnehdita,ahnehtinut,ahnehti,ahnehdittu,ahnehtien,ahnehtisi,ahnehtikaa,ahnehtinemme,
V061Fa,ajelehtia,ajelehdin,ajelehtii,ajelehdita,ajelehtinut,ajelehti,ajelehdittu,ajelehtien,ajelehtisi,ajelehtikaa,ajelehtinemme,
V061Fä,ehtiä,ehdin,ehtii,ehditä,ehtinyt,ehti,ehditty,ehtien,ehtisi,ehtikää,ehtinemme,
V061Fä,elehtiä,elehdin,elehtii,elehditä,elehtinyt,elehti,elehditty,elehtien,elehtisi,elehtikää,elehtinemme,
V061Fä,heittelehtiä,heittelehdin,heittelehtii,heittelehditä,heittelehtinyt,heittelehti,heittelehditty,heittelehtien,heittelehtisi,heittelehtikää,heittelehtinemme,
V061Fa,huolehtia,huolehdin,huolehtii,huolehdita,huolehtinut,huolehti,huolehdittu,huolehtien,huolehtisi,huolehtikaa,huolehtinemme,
V061Fä,hyppelehtiä,hyppelehdin,hyppelehtii,hyppelehditä,hyppelehtinyt,hyppelehti,hyppelehditty,hyppelehtien,hyppelehtisi,hyppelehtikää,hyppelehtinemme,
V061Fä,ilmehtiä,ilmehdin,ilmehtii,ilmehditä,ilmehtinyt,ilmehti,ilmehditty,ilmehtien,ilmehtisi,ilmehtikää,ilmehtinemme,
V061Fa,juurehtia,juurehdin,juurehtii,juurehdita,juurehtinut,juurehti,juurehdittu,juurehtien,juurehtisi,juurehtikaa,juurehtinemme,
V061Fa,kadehtia,kadehdin,kadehtii,kadehdita,kadehtinut,kadehti,kadehdittu,kadehtien,kadehtisi,kadehtikaa,kadehtinemme,
V061Gä,henkiä,hengin,henkii,hengitä,henkinyt,henki,hengitty,henkien,henkisi,henkikää,henkinemme,
V061Gä,mönkiä,möngin,mönkii,möngitä,mönkinyt,mönki,möngitty,mönkien,mönkisi,mönkikää,mönkinemme,
V061Ga,onkia,ongin,onkii,ongita,onkinut,onki,ongittu,onkien,onkisi,onkikaa,onkinemme,
V061Gä,tinkiä,tingin,tinkii,tingitä,tinkinyt,tinki,tingitty,tinkien,tinkisi,tinkikää,tinkinemme,
V061Ga,tonkia,tongin,tonkii,tongita,tonkinut,tonki,tongittu,tonkien,tonkisi,tonkikaa,tonkinemme,
V061Hä,empiä,emmin,empii,emmitä,empinyt,empi,emmitty,empien,empisi,empikää,empinemme,
V061Hä,kömpiä,kömmin,kömpii,kömmitä,kömpinyt,kömpi,kömmitty,kömpien,kömpisi,kömpikää,kömpinemme,
V061Hä,lempiä,lemmin,lempii,lemmitä,lempinyt,lempi,lemmitty,lempien,lempisi,lempikää,lempinemme,
V061Hä,rämpiä,rämmin,rämpii,rämmitä,rämpinyt,rämpi,rämmitty,rämpien,rämpisi,rämpikää,rämpinemme,
V061Hä,tympiä,tymmin,tympii,tymmitä,tympinyt,tympi,tymmitty,tympien,tympisi,tympikää,tympinemme,
V061Ja,sontia,sonnin,sontii,sonnita,sontinut,sonti,sonnittu,sontien,sontisi,sontikaa,sontinemme,
V061Ja,suuntia,suunnin,suuntii,suunnita,suuntinut,suunti,suunnittu,suuntien,suuntisi,suuntikaa,suuntinemme,
V061Lä,hylkiä,hyljin,hylkii,hyljitä,hylkinyt,hylki,hyljitty,hylkien,hylkisi,hylkikää,hylkinemme,
V0620a,aateloida,aateloin,aateloi,aateloida,aateloinut,aateloi,aateloitu,aateloiden,aateloisi,aateloikaa,aateloinemme,
V0620a,abortoida,abortoin,abortoi,abortoida,abortoinut,abortoi,abortoitu,abortoiden,abortoisi,abortoikaa,abortoinemme,
V0620a,absorboida,absorboin,absorboi,absorboida,absorboinut,absorboi,absorboitu,absorboiden,absorboisi,absorboikaa,absorboinemme,
V0620a,abstrahoida,abstrahoin,abstrahoi,abstrahoida,abstrahoinut,abstrahoi,abstrahoitu,abstrahoiden,abstrahoisi,abstrahoikaa,abstrahoinemme,
V0620a,adaptoida,adaptoin,adaptoi,adaptoida,adaptoinut,adaptoi,adaptoitu,adaptoiden,adaptoisi,adaptoikaa,adaptoinemme,
V0620ä,dieselöidä,dieselöin,dieselöi,dieselöidä,dieselöinyt,dieselöi,dieselöity,dieselöiden,dieselöisi,dieselöikää,dieselöinemme,
V0620ä,elämöidä,elämöin,elämöi,elämöidä,elämöinyt,elämöi,elämöity,elämöiden,elämöisi,elämöikää,elämöinemme,
V0620ä,entisöidä,entisöin,entisöi,entisöidä,entisöinyt,entisöi,entisöity,entisöiden,entisöisi,entisöikää,entisöinemme,
V0620ä,epäröidä,epäröin,epäröi,epäröidä,epäröinyt,epäröi,epäröity,epäröiden,epäröisi,epäröikää,epäröinemme,
V0620ä,esitelmöidä,esitelmöin,esitelmöi,esitelmöidä,esitelmöinyt,esitelmöi,esitelmöity,esitelmöiden,esitelmöisi,esitelmöikää,esitelmöinemme,
V0630ä,jäädä,jään,jää,jäädä,jäänyt,jäi,jääty,jääden,jäisi,jääkää,jäänemme,
V0630ä,myydä,myyn,myy,myydä,myynyt,myi,myyty,myyden,myisi,myykää,myynemme,
V0630a,saada,saan,saa,saada,saanut,sai,saatu,saaden,saisi,saakaa,saanemme,
V0640a,juoda,juon,juo,juoda,juonut,joi,juotu,juoden,joisi,juokaa,juonemme,
V0640a,luoda,luon,luo,luoda,luonut,loi,luotu,luoden,loisi,luokaa,luonemme,
V0640ä,lyödä,lyön,lyö,lyödä,lyönyt,löi,lyöty,lyöden,löisi,lyökää,lyönemme,
V0640ä,myödä,myön,myö,myödä,myönyt,möi,myöty,myöden,möisi,myökää,myönemme,
V0640a,suoda,suon,suo,suoda,suonut,soi,suotu,suoden,soisi,suokaa,suonemme,
V0640ä,syödä,syön,syö,syödä,syönyt,söi,syöty,syöden,söisi,syökää,syönemme,
V0640a,tuoda,tuon,tuo,tuoda,tuonut,toi,tuotu,tuoden,toisi,tuokaa,tuonemme,
V0640ä,viedä,vien,vie,viedä,vienyt,vei,viety,vieden,veisi,viekää,vienemme,
V0650ä,käydä,käyn,käy,käydä,käynyt,kävi,käyty,käyden,kävisi,käykää,käynemme,
V0660a,ahmaista,ahmaisen,ahmaisee,ahmaista,ahmaissut,ahmaisi,ahmaistu,ahmaisten,ahmaisisi,ahmaiskaa,ahmaissemme,
V0660a,ampaista,ampaisen,ampaisee,ampaista,ampaissut,ampaisi,ampaistu,ampaisten,ampaisisi,ampaiskaa,ampaissemme,
V0660a,aukaista,aukaisen,aukaisee,aukaista,aukaissut,aukaisi,aukaistu,aukaisten,aukaisisi,aukaiskaa,aukaissemme,
V0660ä,ehkäistä,ehkäisen,ehkäisee,ehkäistä,ehkäissyt,ehkäisi,ehkäisty,ehkäisten,ehkäisisi,ehkäiskää,ehkäissemme,
V0660a,haista,haisen,haisee,haista,haissut,haisi,haistu,haisten,haisisi,haiskaa,haissemme,
V0660a,halaista,halaisen,halaisee,halaista,halaissut,halaisi,halaistu,halaisten,halaisisi,halaiskaa,halaissemme,
V0660ä,helistä,helisen,helisee,helistä,helissyt,helisi,helisty,helisten,helisisi,heliskää,helissemme,
V0660ä,henkäistä,henkäisen,henkäisee,henkäistä,henkäissyt,henkäisi,henkäisty,henkäisten,henkäisisi,henkäiskää,henkäissemme,
V0660ä,hymistä,hymisen,hymisee,hymistä,hymissyt,hymisi,hymisty,hymisten,hymisisi,hymiskää,hymissemme,
V0660ä,hyristä,hyrisen,hyrisee,hyristä,hyrissyt,hyrisi,hyristy,hyristen,hyrisisi,hyriskää,hyrissemme,
V066Eä,häväistä,häpäisen,häpäisee,häväistä,häväissyt,häpäisi,häväisty,häväisten,häpäisisi,häväiskää,häväissemme,
V066Ea,vavista,vapisen,vapisee,vavista,vavissut,vapisi,vavistu,vavisten,vapisisi,vaviskaa,vavissemme,
V066Ga,rangaista,rankaisen,rankaisee,rangaista,rangaissut,rankaisi,rangaistu,rangaisten,rankaisisi,rangaiskaa,rangaissemme,
V0670a,aaltoilla,aaltoilen,aaltoilee,aaltoilla,aaltoillut,aaltoili,aaltoiltu,aaltoillen,aaltoilisi,aaltoilkaa,aaltoillemme,
V0670a,aavistella,aavistelen,aavistelee,aavistella,aavistellut,aavisteli,aavisteltu,aavistellen,aavistelisi,aavistelkaa,aavistellemme,
V0670a,ahdistella,ahdistelen,ahdistelee,ahdistella,ahdistellut,ahdisteli,ahdisteltu,ahdistellen,ahdistelisi,ahdistelkaa,ahdistellemme,
V0670a,aikailla,aikailen,aikailee,aikailla,aikaillut,aikaili,aikailtu,aikaillen,aikailisi,aikailkaa,aikaillemme,
V0670a,aivastella,aivastelen,aivastelee,aivastella,aivastellut,aivasteli,aivasteltu,aivastellen,aivastelisi,aivastelkaa,aivastellemme,
V0670ä,elellä,elelen,elelee,elellä,elellyt,eleli,elelty,elellen,elelisi,elelkää,elellemme,
V0670ä,elvistellä,elvistelen,elvistelee,elvistellä,elvistellyt,elvisteli,elvistelty,elvistellen,elvistelisi,elvistelkää,elvistellemme,
V0670ä,enteillä,enteilen,enteilee,enteillä,enteillyt,enteili,enteilty,enteillen,enteilisi,enteilkää,enteillemme,
V0670ä,epäillä,epäilen,epäilee,epäillä,epäillyt,epäili,epäilty,epäillen,epäilisi,epäilkää,epäillemme,
V0670ä,estellä,estelen,estelee,estellä,estellyt,esteli,estelty,estellen,estelisi,estelkää,estellemme,
V067Aä,leikellä,leikkelen,leikkelee,leikellä,leikellyt,leikkeli,leikelty,leikellen,leikkelisi,leikelkää,leikellemme,
V067Aa,nakella,nakkelen,nakkelee,nakella,nakellut,nakkeli,nakeltu,nakellen,nakkelisi,nakelkaa,nakellemme,
V067Bä,hypellä,hyppelen,hyppelee,hypellä,hypellyt,hyppeli,hypelty,hypellen,hyppelisi,hypelkää,hypellemme,
V067Ba,tapella,tappelen,tappelee,tapella,tapellut,tappeli,tapeltu,tapellen,tappelisi,tapelkaa,tapellemme,
V067Ca,ajatella,ajattelen,ajattelee,ajatella,ajatellut,ajatteli,ajateltu,ajatellen,ajattelisi,ajatelkaa,ajatellemme,
V067Ca,aloitella,aloittelen,aloittelee,aloitella,aloitellut,aloitteli,aloiteltu,aloitellen,aloittelisi,aloitelkaa,aloitellemme,
V067Ca,asetella,asettelen,asettelee,asetella,asetellut,asetteli,aseteltu,asetellen,asettelisi,asetelkaa,asetellemme,
V067Ca,autella,auttelen,auttelee,autella,autellut,autteli,auteltu,autellen,auttelisi,autelkaa,autellemme,
V067Ca,ehdotella,ehdottelen,ehdottelee,ehdotella,ehdotellut,ehdotteli,ehdoteltu,ehdotellen,ehdottelisi,ehdotelkaa,ehdotellemme,
V067Cä,elätellä,elättelen,elättelee,elätellä,elätellyt,elätteli,elätelty,elätellen,elättelisi,elätelkää,elätellemme,
V067Cä,eritellä,erittelen,erittelee,eritellä,eritellyt,eritteli,eritelty,eritellen,erittelisi,eritelkää,eritellemme,
V067Cä,esitellä,esittelen,esittelee,esitellä,esitellyt,esitteli,esitelty,esitellen,esittelisi,esitelkää,esitellemme,
V067Cä,heitellä,heittelen,heittelee,heitellä,heitellyt,heitteli,heitelty,heitellen,heittelisi,heitelkää,heitellemme,
V067Cä,helkytellä,helkyttelen,helkyttelee,helkytellä,helkytellyt,helkytteli,helkytelty,helkytellen,helkyttelisi,helkytelkää,helkytellemme,
V067Da,jaella,jakelen,jakelee,jaella,jaellut,jakeli,jaeltu,jaellen,jakelisi,jaelkaa,jaellemme,
V067Fa,ailahdella,ailahtelen,ailahtelee,ailahdella,ailahdellut,ailahteli,ailahdeltu,ailahdellen,ailahtelisi,ailahdelkaa,ailahdellemme,
V067Fa,heilahdella,heilahtelen,heilahtelee,heilahdella,heilahdellut,heilahteli,heilahdeltu,heilahdellen,heilahtelisi,heilahdelkaa,heilahdellemme,
V067Fä,helähdellä,helähtelen,helähtelee,helähdellä,helähdellyt,helähteli,helähdelty,helähdellen,helähtelisi,helähdelkää,helähdellemme,
V067Fa,herahdella,herahtelen,herahtelee,herahdella,herahdellut,herahteli,herahdeltu,herahdellen,herahtelisi,herahdelkaa,herahdellemme,
V067Fä,hiihdellä,hiihtelen,hiihtelee,hiihdellä,hiihdellyt,hiihteli,hiihdelty,hiihdellen,hiihtelisi,hiihdelkää,hiihdellemme,
V067Fa,hirnahdella,hirnahtelen,hirnahtelee,hirnahdella,hirnahdellut,hirnahteli,hirnahdeltu,hirnahdellen,hirnahtelisi,hirnahdelkaa,hirnahdellemme,
V067Fa,hohdella,hohtelen,hohtelee,hohdella,hohdellut,hohteli,hohdeltu,hohdellen,hohtelisi,hohdelkaa,hohdellemme,
V067Fä,hymähdellä,hymähtelen,hymähtelee,hymähdellä,hymähdellyt,hymähteli,hymähdelty,hymähdellen,hymähtelisi,hymähdelkää,hymähdellemme,
V067Fä,hypähdellä,hypähtelen,hypähtelee,hypähdellä,hypähdellyt,hypähteli,hypähdelty,hypähdellen,hypähtelisi,hypähdelkää,hypähdellemme,
V067Fä,hytkähdellä,hytkähtelen,hytkähtelee,hytkähdellä,hytkähdellyt,hytkähteli,hytkähdelty,hytkähdellen,hytkähtelisi,hytkähdelkää,hytkähdellemme,
V067Ha,ommella,ompelen,ompelee,ommella,ommellut,ompeli,ommeltu,ommellen,ompelisi,ommelkaa,ommellemme,
V067Ia,jokellella,jokeltelen,jokeltelee,jokellella,jokellellut,jokelteli,jokelleltu,jokellellen,jokeltelisi,jokellelkaa,jokellellemme,
V067Iä,kiellellä,kieltelen,kieltelee,kiellellä,kiellellyt,kielteli,kiellelty,kiellellen,kieltelisi,kiellelkää,kiellellemme,
V067Iä,kiillellä,kiiltelen,kiiltelee,kiillellä,kiillellyt,kiilteli,kiillelty,kiillellen,kiiltelisi,kiillelkää,kiillellemme,
V067Ia,kimallella,kimaltelen,kimaltelee,kimallella,kimallellut,kimalteli,kimalleltu,kimallellen,kimaltelisi,kimallelkaa,kimallellemme,
V067Iä,kimmellellä,kimmeltelen,kimmeltelee,kimmellellä,kimmellellyt,kimmelteli,kimmellelty,kimmellellen,kimmeltelisi,kimmellelkää,kimmellellemme,
V067Ia,puhallella,puhaltelen,puhaltelee,puhallella,puhallellut,puhalteli,puhalleltu,puhallellen,puhaltelisi,puhallelkaa,puhallellemme,
V067Ia,sivallella,sivaltelen,sivaltelee,sivallella,sivallellut,sivalteli,sivalleltu,sivallellen,sivaltelisi,sivallelkaa,sivallellemme,
V067Ia,sukellella,sukeltelen,sukeltelee,sukellella,sukellellut,sukelteli,sukelleltu,sukellellen,sukeltelisi,sukellelkaa,sukellellemme,
V067Iä,vihellellä,viheltelen,viheltelee,vihellellä,vihellellyt,vihelteli,vihellelty,vihellellen,viheltelisi,vihellelkää,vihellellemme,
V067Iä,viillellä,viiltelen,viiltelee,viillellä,viillellyt,viilteli,viillelty,viillellen,viiltelisi,viillelkää,viillellemme,
V067Ja,annella,antelen,antelee,annella,annellut,anteli,anneltu,annellen,antelisi,annelkaa,annellemme,
V067Ja,huikennella,huikentelen,huikentelee,huikennella,huikennellut,huikenteli,huikenneltu,huikennellen,huikentelisi,huikennelkaa,huikennellemme,
V067Jä,jäsennellä,jäsentelen,jäsentelee,jäsennellä,jäsennellyt,jäsenteli,jäsennelty,jäsennellen,jäsentelisi,jäsennelkää,jäsennellemme,
V067Ja,juoksennella,juoksentelen,juoksentelee,juoksennella,juoksennellut,juoksenteli,juoksenneltu,juoksennellen,juoksentelisi,juoksennelkaa,juoksennellemme,
V067Jä,käännellä,kääntelen,kääntelee,käännellä,käännellyt,käänteli,käännelty,käännellen,kääntelisi,käännelkää,käännellemme,
V067Ja,kannella,kantelen,kantelee,kannella,kannellut,kanteli,kanneltu,kannellen,kantelisi,kannelkaa,kannellemme,
V067Jä,käyskennellä,käyskentelen,käyskentelee,käyskennellä,käyskennellyt,käyskenteli,käyskennelty,käyskennellen,käyskentelisi,käyskennelkää,käyskennellemme,
V067Ja,kohennella,kohentelen,kohentelee,kohennella,kohennellut,kohenteli,kohenneltu,kohennellen,kohentelisi,kohennelkaa,kohennellemme,
V067Jä,lennellä,lentelen,lentelee,lennellä,lennellyt,lenteli,lennelty,lennellen,lentelisi,lennelkää,lennellemme,
V067Jä,levennellä,leventelen,leventelee,levennellä,levennellyt,leventeli,levennelty,levennellen,leventelisi,levennelkää,levennellemme,
V067Ka,askarrella,askartelen,askartelee,askarrella,askarrellut,askarteli,askarreltu,askarrellen,askartelisi,askarrelkaa,askarrellemme,
V067Ka,hoiperrella,hoipertelen,hoipertelee,hoiperrella,hoiperrellut,hoiperteli,hoiperreltu,hoiperrellen,hoipertelisi,hoiperrelkaa,hoiperrellemme,
V067Kä,hykerrellä,hykertelen,hykertelee,hykerrellä,hykerrellyt,hykerteli,hykerrelty,hykerrellen,hykertelisi,hykerrelkää,hykerrellemme,
V067Ka,imarrella,imartelen,imartelee,imarrella,imarrellut,imarteli,imarreltu,imarrellen,imartelisi,imarrelkaa,imarrellemme,
V067Ka,kaarrella,kaartelen,kaartelee,kaarrella,kaarrellut,kaarteli,kaarreltu,kaarrellen,kaartelisi,kaarrelkaa,kaarrellemme,
V067Ka,kangerrella,kangertelen,kangertelee,kangerrella,kangerrellut,kangerteli,kangerreltu,kangerrellen,kangertelisi,kangerrelkaa,kangerrellemme,
V067Kä,kierrellä,kiertelen,kiertelee,kierrellä,kierrellyt,kierteli,kierrelty,kierrellen,kiertelisi,kierrelkää,kierrellemme,
V067Kä,kiherrellä,kihertelen,kihertelee,kiherrellä,kiherrellyt,kiherteli,kiherrelty,kiherrellen,kihertelisi,kiherrelkää,kiherrellemme,
V067Kä,leperrellä,lepertelen,lepertelee,leperrellä,leperrellyt,leperteli,leperrelty,leperrellen,lepertelisi,leperrelkää,leperrellemme,
V067Kä,liverrellä,livertelen,livertelee,liverrellä,liverrellyt,liverteli,liverrelty,liverrellen,livertelisi,liverrelkää,liverrellemme,
V0680a,ahkeroida,ahkeroin/ahkeroitsen,ahkeroi/ahkeroitsee,ahkeroida,ahkeroinut,ahkeroi/ahkeroitsi,ahkeroitu,ahkeroiden,ahkeroisi/ahkeroitsisi,ahkeroikaa,ahkeroinemme,
V0680a,aprikoida,aprikoin/aprikoitsen,aprikoi/aprikoitsee,aprikoida,aprikoinut,aprikoi/aprikoitsi,aprikoitu,aprikoiden,aprikoisi/aprikoitsisi,aprikoikaa,aprikoinemme,
V0680a,aterioida,aterioin/aterioitsen,aterioi/aterioitsee,aterioida,aterioinut,aterioi/aterioitsi,aterioitu,aterioiden,aterioisi/aterioitsisi,aterioikaa,aterioinemme,
V0680ä,emännöidä,emännöin/emännöitsen,emännöi/emännöitsee,emännöidä,emännöinyt,emännöi/emännöitsi,emännöity,emännöiden,emännöisi/emännöitsisi,emännöikää,emännöinemme,
V0680a,haravoida,haravoin/haravoitsen,haravoi/haravoitsee,haravoida,haravoinut,haravoi/haravoitsi,haravoitu,haravoiden,haravoisi/haravoitsisi,haravoikaa,haravoinemme,
V0680ä,heilimöidä,heilimöin/heilimöitsen,heilimöi/heilimöitsee,heilimöidä,heilimöinyt,heilimöi/heilimöitsi,heilimöity,heilimöiden,heilimöisi/heilimöitsisi,heilimöikää,heilimöinemme,
V0680a,hekumoida,hekumoin/hekumoitsen,hekumoi/hekumoitsee,hekumoida,hekumoinut,hekumoi/hekumoitsi,hekumoitu,hekumoiden,hekumoisi/hekumoitsisi,hekumoikaa,hekumoinemme,
V0680ä,ikävöidä,ikävöin/ikävöitsen,ikävöi/ikävöitsee,ikävöidä,ikävöinyt,ikävöi/ikävöitsi,ikävöity,ikävöiden,ikävöisi/ikävöitsisi,ikävöikää,ikävöinemme,
V0680ä,isännöidä,isännöin/isännöitsen,isännöi/isännöitsee,isännöidä,isännöinyt,isännöi/isännöitsi,isännöity,isännöiden,isännöisi/isännöitsisi,isännöikää,isännöinemme,
V0680ä,kihelmöidä,kihelmöin/kihelmöitsen,kihelmöi/kihelmöitsee,kihelmöidä,kihelmöinyt,kihelmöi/kihelmöitsi,kihelmöity,kihelmöiden,kihelmöisi/kihelmöitsisi,kihelmöikää,kihelmöinemme,
V0690a,ansaita,ansaitsen,ansaitsee,ansaita,ansainnut,ansaitsi,ansaittu,ansaiten,ansaitsisi,ansaitkaa,ansainnemme,
V0690ä,häiritä,häiritsen,häiritsee,häiritä,häirinnyt,häiritsi,häiritty,häiriten,häiritsisi,häiritkää,häirinnemme,
V0690a,hallita,hallitsen,hallitsee,hallita,hallinnut,hallitsi,hallittu,halliten,hallitsisi,hallitkaa,hallinnemme,
V0690a,harkita,harkitsen,harkitsee,harkita,harkinnut,harkitsi,harkittu,harkiten,harkitsisi,harkitkaa,harkinnemme,
V0690a,havaita,havaitsen,havaitsee,havaita,havainnut,havaitsi,havaittu,havaiten,havaitsisi,havaitkaa,havainnemme,
V0690ä,hillitä,hillitsen,hillitsee,hillitä,hillinnyt,hillitsi,hillitty,hilliten,hillitsisi,hillitkää,hillinnemme,
V0690a,himoita,himoitsen,himoitsee,himoita,himoinnut,himoitsi,himoittu,himoiten,himoitsisi,himoitkaa,himoinnemme,
V0690ä,keritä,kerkiän/keritsen/keriän,kerkiää/keritsee/keriää,keritä/keritä,kerinnyt/kerinnyt,kerkisi/kerisi/keritsi,keritty/keritty,keriten/keriten,kerkiäisi/keritsisi/keriäisi,keritkää/keritkää,kerinnemme/kerinnemme,
V0690ä,kestitä,kestitsen,kestitsee,kestitä,kestinnyt,kestitsi,kestitty,kestiten,kestitsisi,kestitkää,kestinnemme,
V0690ä,kyyditä,kyyditsen,kyyditsee,kyyditä,kyydinnyt,kyyditsi,kyyditty,kyyditen,kyyditsisi,kyyditkää,kyydinnemme,
V0700a,juosta,juoksen,juoksee,juosta,juossut,juoksi,juostu,juosten,juoksisi,juoskaa,juossemme,
V0700ä,piestä,pieksen,pieksee,piestä,piessyt,pieksi,piesty,piesten,ConNeg+?,pieskää,piessemme,
V0700ä,syöstä,syöksen,syöksee,syöstä,syössyt,syöksi,syösty,syösten,ConNeg+?,syöskää,syössemme,
V0710ä,nähdä,näen,näkee,nähdä,nähnyt,näki,nähty,nähden,näkisi,nähkää,nähnemme,
V0710ä,tehdä,teen,tekee,tehdä,tehnyt,teki,tehty,tehden,tekisi,tehkää,tehnemme,
V0720a,aleta,alenen,alenee,aleta,alennut,aleni,alettu,aleten,alenisi,aletkaa,alennemme,
V0720ä,enetä,enenen,enenee,enetä,enennyt,eneni,enetty,eneten,enenisi,enetkää,enennemme,
V0720a,haaleta,haalenen,haalenee,haaleta,haalennut,haaleni,haalettu,haaleten,haalenisi,haaletkaa,haalennemme,
V0720ä,hälvetä,hälvenen,hälvenee,hälvetä,hälvennyt,hälveni,hälvetty,hälveten,hälvenisi,hälvetkää,hälvennemme,
V0720a,harmeta,harmenen,harmenee,harmeta,harmennut,harmeni,harmettu,harmeten,harmenisi,harmetkaa,harmennemme,
V0720a,harveta,harvenen,harvenee,harveta,harvennut,harveni,harvettu,harveten,harvenisi,harvetkaa,harvennemme,
V0720ä,hiljetä,hiljenen,hiljenee,hiljetä,hiljennyt,hiljeni,hiljetty,hiljeten,hiljenisi,hiljetkää,hiljennemme,
V0720ä,himmetä,himmenen,himmenee,himmetä,himmennyt,himmeni,himmetty,himmeten,himmenisi,himmetkää,himmennemme,
V0720ä,hölletä,höllenen,höllenee,hölletä,höllennyt,hölleni,hölletty,hölleten,höllenisi,hölletkää,höllennemme,
V0720a,huimeta,huimenen,huimenee,huimeta,huimennut,huimeni,huimettu,huimeten,huimenisi,huimetkaa,huimennemme,
V072Aä,heiketä,heikkenen,heikkenee,heiketä,heikennyt,heikkeni,heiketty,heiketen,heikkenisi,heiketkää,heikennemme,
V072Aa,heikota,heikkonen,heikkonee,heikota,heikonnut,heikkoni,heikottu,heikoten,heikkonisi,heikotkaa,heikonnemme,
V072Aä,herketä,herkkenen,herkkenee,herketä,herkennyt,herkkeni,herketty,herketen,herkkenisi,herketkää,herkennemme,
V072Aa,hoiketa,hoikkenen,hoikkenee,hoiketa,hoikennut,hoikkeni,hoikettu,hoiketen,hoikkenisi,hoiketkaa,hoikennemme,
V072Aä,jäyketä,jäykkenen,jäykkenee,jäyketä,jäykennyt,jäykkeni,jäyketty,jäyketen,jäykkenisi,jäyketkää,jäykennemme,
V072Aä,jyrketä,jyrkkenen,jyrkkenee,jyrketä,jyrkennyt,jyrkkeni,jyrketty,jyrketen,jyrkkenisi,jyrketkää,jyrkennemme,
V072Aa,niuketa,niukkenen,niukkenee,niuketa,niukennut,niukkeni,niukettu,niuketen,niukkenisi,niuketkaa,niukennemme,
V072Aa,ranketa,rankkenen,rankkenee,ranketa,rankennut,rankkeni,rankettu,ranketen,rankkenisi,ranketkaa,rankennemme,
V072Aa,sanketa,sankkenen,sankkenee,sanketa,sankennut,sankkeni,sankettu,sanketen,sankkenisi,sanketkaa,sankennemme,
V072Aä,synketä,synkkenen,synkkenee,synketä,synkennyt,synkkeni,synketty,synketen,synkkenisi,synketkää,synkennemme,
V072Ba,hapata,happanen,happanee,hapata,hapannut,happani,hapattu,hapaten,happanisi,hapatkaa,hapannemme,
V072Ba,helpota,helpponen,helpponee,helpota,helponnut,helpponi,helpottu,helpoten,helpponisi,helpotkaa,helponnemme,
V072Ba,huipeta,huippenen,huippenee,huipeta,huipennut,huippeni,huipettu,huipeten,huippenisi,huipetkaa,huipennemme,
V072Ba,suipeta,suippenen,suippenee,suipeta,suipennut,suippeni,suipettu,suipeten,suippenisi,suipetkaa,suipennemme,
V072Ba,supeta,suppenen,suppenee,supeta,supennut,suppeni,supettu,supeten,suppenisi,supetkaa,supennemme,
V072Bä,tylpetä,tylppenen,tylppenee,tylpetä,tylpennyt,tylppeni,tylpetty,tylpeten,tylppenisi,tylpetkää,tylpennemme,
V072Da,aueta,aukean/aukenen,aukeaa/aukenee,aueta,auennut,aukeni/aukesi,auettu,aueten,aukeaisi/aukeisi/aukenisi,auetkaa,auennemme,
V072Dä,kyetä,kykenen,kykenee,kyetä,kyennyt,kykeni,kyetty,kyeten,kykenisi,kyetkää,kyennemme,
V072Dä,liietä,liikenen,liikenee,liietä,liiennyt,liikeni,liietty,liieten,liikenisi,liietkää,liiennemme,
V072Da,liueta,liukenen,liukenee,liueta,liuennut,liukeni,liuettu,liueten,liukenisi,liuetkaa,liuennemme,
V072Da,oieta,oikean/oikenen,oikeaa/oikenee,oieta,oiennut,oikeni/oikesi,oiettu,oieten,oikeaisi/oikeisi/oikenisi,oietkaa,oiennemme,
V072Da,paeta,pakenen,pakenee,paeta,paennut,pakeni,paettu,paeten,pakenisi,paetkaa,paennemme,
V072Da,raueta,raukean/raukenen,raukeaa/raukenee,raueta,rauennut,raukeni/raukesi,rauettu,raueten,raukeaisi/raukeisi/raukenisi,rauetkaa,rauennemme,
V072Dä,sietä,sikenen/sikeän,sikenee/sikeää,sietä,siennyt,sikeni/sikesi,sietty,sieten,sikenisi/sikeäisi,sietkää,siennemme,
V072Ea,halveta,halpenen,halpenee,halveta,halvennut,halpeni,halvettu,halveten,halpenisi,halvetkaa,halvennemme,
V072Ea,huveta,hupenen,hupenee,huveta,huvennut,hupeni,huvettu,huveten,hupenisi,huvetkaa,huvennemme,
V072Ea,kalveta,kalpenen,kalpenee,kalveta,kalvennut,kalpeni,kalvettu,kalveten,kalpenisi,kalvetkaa,kalvennemme,
V072Ea,kaveta,kapenen,kapenee,kaveta,kavennut,kapeni,kavettu,kaveten,kapenisi,kavetkaa,kavennemme,
V072Eä,kevetä,kevenen,kevenee,kevetä,kevennyt,keveni,kevetty,keveten,kevenisi,kevetkää,kevennemme,
V072Fä,edetä,etenen,etenee,edetä,edennyt,eteni,edetty,edeten,etenisi,edetkää,edennemme,
V072Fa,leudota,leutonen,leutonee,leudota,leudonnut,leutoni,leudottu,leudoten,leutonisi,leudotkaa,leudonnemme,
V072Fä,mädätä,mätänen,mätänee,mädätä,mädännyt,mätäni,mädätty,mädäten,mätänisi,mädätkää,mädännemme,
V072Fä,pidetä,pitenen,pitenee,pidetä,pidennyt,piteni,pidetty,pideten,pitenisi,pidetkää,pidennemme,
V072Fä,yhdetä,yhtenen,yhtenee,yhdetä,yhdennyt,yhteni,yhdetty,yhdeten,yhtenisi,yhdetkää,yhdennemme,
V072Hä,lämmetä,lämpenen,lämpenee,lämmetä,lämmennyt,lämpeni,lämmetty,lämmeten,lämpenisi,lämmetkää,lämmennemme,
V072Jä,kiinnetä,kiintenen,kiintenee,kiinnetä,kiinnennyt,kiinteni,kiinnetty,kiinneten,kiintenisi,kiinnetkää,kiinnennemme,
V072La,karjeta,karkenen,karkenee,karjeta,karjennut,karkeni,karjettu,karjeten,karkeaisi,karjetkaa,karjennemme,
V072La,rohjeta,rohkenen,rohkenee,rohjeta,rohjennut,rohkeni,rohjettu,rohjeten,rohkeaisi,rohjetkaa,rohjennemme,
V072Lä,seljetä,selkeän,selkeää,seljetä,seljennyt,selkesi,seljetty,seljeten,selkeäisi,seljetkää,seljennemme,
V072La,tarjeta,tarkenen,tarkenee,tarjeta,tarjennut,tarkeni,tarjettu,tarjeten,tarkeaisi,tarjetkaa,tarjennemme,
V072La,urjeta,urkenen,urkenee,urjeta,urjennut,urkeni,urjettu,urjeten,urkeaisi,urjetkaa,urjennemme,
V072La,valjeta,valkenen,valkenee,valjeta,valjennut,valkeni,valjettu,valjeten,valkeaisi,valjetkaa,valjennemme,
V0730a,aisata,aisaan,aisaa,aisata,aisannut,aisasi,aisattu,aisaten,aisaisi,aisatkaa,aisannemme,
V0730a,akseptata,akseptaan,akseptaa,akseptata,akseptannut,akseptasi,akseptattu,akseptaten,akseptaisi,akseptatkaa,akseptannemme,
V0730a,aplodeerata,aplodeeraan,aplodeeraa,aplodeerata,aplodeerannut,aplodeerasi,aplodeerattu,aplodeeraten,aplodeeraisi,aplodeeratkaa,aplodeerannemme,
V0730a,aprillata,aprillaan,aprillaa,aprillata,aprillannut,aprillasi,aprillattu,aprillaten,aprillaisi,aprillatkaa,aprillannemme,
V0730a,arvata,arvaan,arvaa,arvata,arvannut,arvasi,arvattu,arvaten,arvaisi,arvatkaa,arvannemme,
V0730ä,hämätä,hämään,hämää,hämätä,hämännyt,hämäsi,hämätty,hämäten,hämäisi,hämätkää,hämännemme,
V0730ä,hellätä,hellään,hellää,hellätä,hellännyt,helläsi,hellätty,helläten,helläisi,hellätkää,hellännemme,
V0730ä,herätä,herään,herää,herätä,herännyt,heräsi,herätty,heräten,heräisi,herätkää,herännemme,
V0730ä,hyrrätä,hyrrään,hyrrää,hyrrätä,hyrrännyt,hyrräsi,hyrrätty,hyrräten,hyrräisi,hyrrätkää,hyrrännemme,
V0730ä,hyysätä,hyysään,hyysää,hyysätä,hyysännyt,hyysäsi,hyysätty,hyysäten,hyysäisi,hyysätkää,hyysännemme,
V073Aa,aerobikata,aerobikkaan,aerobikkaa,aerobikata,aerobikannut,aerobikkasi,aerobikattu,aerobikaten,aerobikkaisi,aerobikatkaa,aerobikannemme,
V073Aa,blokata,blokkaan,blokkaa,blokata,blokannut,blokkasi,blokattu,blokaten,blokkaisi,blokatkaa,blokannemme,
V073Aa,breikata,breikkaan,breikkaa,breikata,breikannut,breikkasi,breikattu,breikaten,breikkaisi,breikatkaa,breikannemme,
V073Aa,buukata,buukkaan,buukkaa,buukata,buukannut,buukkasi,buukattu,buukaten,buukkaisi,buukatkaa,buukannemme,
V073Aa,donkata,donkkaan,donkkaa,donkata,donkannut,donkkasi,donkattu,donkaten,donkkaisi,donkatkaa,donkannemme,
V073Aä,hölkätä,hölkkään,hölkkää,hölkätä,hölkännyt,hölkkäsi,hölkätty,hölkäten,hölkkäisi,hölkätkää,hölkännemme,
V073Aä,hyökätä,hyökkään,hyökkää,hyökätä,hyökännyt,hyökkäsi,hyökätty,hyökäten,hyökkäisi,hyökätkää,hyökännemme,
V073Aä,järkätä,järkkään,järkkää,järkätä,järkännyt,järkkäsi,järkätty,järkäten,järkkäisi,järkätkää,järkännemme,
V073Aä,lykätä,lykkään,lykkää,lykätä,lykännyt,lykkäsi,lykätty,lykäten,lykkäisi,lykätkää,lykännemme,
V073Aä,möykätä,möykkään,möykkää,möykätä,möykännyt,möykkäsi,möykätty,möykäten,möykkäisi,möykätkää,möykännemme,
V073Ba,dipata,dippaan,dippaa,dipata,dipannut,dippasi,dipattu,dipaten,dippaisi,dipatkaa,dipannemme,
V073Ba,doupata,douppaan,douppaa,doupata,doupannut,douppasi,doupattu,doupaten,douppaisi,doupatkaa,doupannemme,
V073Ba,dumpata,dumppaan,dumppaa,dumpata,dumpannut,dumppasi,dumpattu,dumpaten,dumppaisi,dumpatkaa,dumpannemme,
V073Ba,flopata,floppaan,floppaa,flopata,flopannut,floppasi,flopattu,flopaten,floppaisi,flopatkaa,flopannemme,
V073Bä,häipätä,häippään,häippää,häipätä,häipännyt,häippäsi,häipätty,häipäten,häippäisi,häipätkää,häipännemme,
V073Ba,harpata,harppaan,harppaa,harpata,harpannut,harppasi,harpattu,harpaten,harppaisi,harpatkaa,harpannemme,
V073Bä,hörpätä,hörppään,hörppää,hörpätä,hörpännyt,hörppäsi,hörpätty,hörpäten,hörppäisi,hörpätkää,hörpännemme,
V073Bä,hypätä,hyppään,hyppää,hypätä,hypännyt,hyppäsi,hypätty,hypäten,hyppäisi,hypätkää,hypännemme,
V073Bä,käpätä,käppään,käppää,käpätä,käpännyt,käppäsi,käpätty,käpäten,käppäisi,käpätkää,käpännemme,
V073Bä,nypätä,nyppään,nyppää,nypätä,nypännyt,nyppäsi,nypätty,nypäten,nyppäisi,nypätkää,nypännemme,
V073Ca,chatata,chattaan,chattaa,chatata,chatannut,chattasi,chatattu,chataten,chattaisi,chatatkaa,chatannemme,
V073Ca,diskontata,diskonttaan,diskonttaa,diskontata,diskontannut,diskonttasi,diskontattu,diskontaten,diskonttaisi,diskontatkaa,diskontannemme,
V073Ca,flirtata,flirttaan,flirttaa,flirtata,flirtannut,flirttasi,flirtattu,flirtaten,flirttaisi,flirtatkaa,flirtannemme,
V073Ca,haitata,haittaan,haittaa,haitata,haitannut,haittasi,haitattu,haitaten,haittaisi,haitatkaa,haitannemme,
V073Ca,hiitata,hiittaan,hiittaa,hiitata,hiitannut,hiittasi,hiitattu,hiitaten,hiittaisi,hiitatkaa,hiitannemme,
V073Cä,kytätä,kyttään,kyttää,kytätä,kytännyt,kyttäsi,kytätty,kytäten,kyttäisi,kytätkää,kytännemme,
V073Cä,läntätä,länttään,länttää,läntätä,läntännyt,länttäsi,läntätty,läntäten,länttäisi,läntätkää,läntännemme,
V073Cä,päntätä,pänttään,pänttää,päntätä,päntännyt,pänttäsi,päntätty,päntäten,pänttäisi,päntätkää,päntännemme,
V073Cä,pyntätä,pynttään,pynttää,pyntätä,pyntännyt,pynttäsi,pyntätty,pyntäten,pynttäisi,pyntätkää,pyntännemme,
V073Cä,tyytätä,tyyttään,tyyttää,tyytätä,tyytännyt,tyyttäsi,tyytätty,tyytäten,tyyttäisi,tyytätkää,tyytännemme,
V073Da,huoata,huokaan,huokaa,huoata,huoannut,huokasi,huoattu,huoaten,huokaisi,huoatkaa,huoannemme,
V073Dä,hylätä,hylkään,hylkää,hylätä,hylännyt,hylkäsi,hylätty,hyläten,hylkäisi,hylätkää,hylännemme,
V073Dä,iätä,ikään,ikää,iätä,iännyt,ikäsi,iätty,iäten,ikäisi,iätkää,iännemme,
V073Da,joiata,joikaan,joikaa,joiata,joiannut,joikasi,joiattu,joiaten,joikaisi,joiatkaa,joiannemme,
V073Da,karata,karkaan,karkaa,karata,karannut,karkasi,karattu,karaten,karkaisi,karatkaa,karannemme,
V073Da,liata,likaan,likaa,liata,liannut,likasi,liattu,liaten,likaisi,liatkaa,liannemme,
V073Da,loata,lokaan,lokaa,loata,loannut,lokasi,loattu,loaten,lokaisi,loatkaa,loannemme,
V073Dä,pelätä,pelkään,pelkää,pelätä,pelännyt,pelkäsi,pelätty,peläten,pelkäisi,pelätkää,pelännemme,
V073Eä,evätä,epään,epää,evätä,evännyt,epäsi,evätty,eväten,epäisi,evätkää,evännemme,
V073Ea,halvata,halvaan,halvaa,halvata,halvannut,halvasi,halvattu,halvaten,halvaisi,halvatkaa,halvannemme,
V073Ea,huovata,huopaan,huopaa,huovata,huovannut,huopasi,huovattu,huovaten,huopaisi,huovatkaa,huovannemme,
V073Ea,kaivata,kaipaan,kaipaa,kaivata,kaivannut,kaipasi,kaivattu,kaivaten,kaipaisi,kaivatkaa,kaivannemme,
V073Ea,kelvata,kelpaan,kelpaa,kelvata,kelvannut,kelpasi,kelvattu,kelvaten,kelpaisi,kelvatkaa,kelvannemme,
V073Eä,levätä,lepään,lepää,levätä,levännyt,lepäsi,levätty,leväten,lepäisi,levätkää,levännemme,
V073Ea,luvata,lupaan,lupaa,luvata,luvannut,lupasi,luvattu,luvaten,lupaisi,luvatkaa,luvannemme,
V073Fa,ahdata,ahtaan,ahtaa,ahdata,ahdannut,ahtasi,ahdattu,ahdaten,ahtaisi,ahdatkaa,ahdannemme,
V073Fa,aidata,aitaan,aitaa,aidata,aidannut,aitasi,aidattu,aidaten,aitaisi,aidatkaa,aidannemme,
V073Fa,haudata,hautaan,hautaa,haudata,haudannut,hautasi,haudattu,haudaten,hautaisi,haudatkaa,haudannemme,
V073Fa,jahdata,jahtaan,jahtaa,jahdata,jahdannut,jahtasi,jahdattu,jahdaten,jahtaisi,jahdatkaa,jahdannemme,
V073Fa,judata,jutaan,jutaa,judata,judannut,jutasi,judattu,judaten,jutaisi,judatkaa,judannemme,
V073Fä,jydätä,jytään,jytää,jydätä,jydännyt,jytäsi,jydätty,jydäten,jytäisi,jydätkää,jydännemme,
V073Fä,myödätä,myötään,myötää,myödätä,myödännyt,myötäsi,myödätty,myödäten,myötäisi,myödätkää,myödännemme,
V073Fä,pöydätä,pöytään,pöytää,pöydätä,pöydännyt,pöytäsi,pöydätty,pöydäten,pöytäisi,pöydätkää,pöydännemme,
V073Fä,tähdätä,tähtään,tähtää,tähdätä,tähdännyt,tähtäsi,tähdätty,tähdäten,tähtäisi,tähdätkää,tähdännemme,
V073Fä,töydätä,töytään,töytää,töydätä,töydännyt,töytäsi,töydätty,töydäten,töytäisi,töydätkää,töydännemme,
V073Ga,hangata,hankaan,hankaa,hangata,hangannut,hankasi,hangattu,hangaten,hankaisi,hangatkaa,hangannemme,
V073Ga,langata,lankaan,lankaa,langata,langannut,lankasi,langattu,langaten,lankaisi,langatkaa,langannemme,
V073Ga,tingata,tinkaan,tinkaa,tingata,tingannut,tinkasi,tingattu,tingaten,tinkaisi,tingatkaa,tingannemme,
V073Gä,vängätä,vänkään,vänkää,vängätä,vängännyt,vänkäsi,vängätty,vängäten,vänkäisi,vängätkää,vängännemme,
V073Ha,kammata,kampaan,kampaa,kammata,kammannut,kampasi,kammattu,kammaten,kampaisi,kammatkaa,kammannemme,
V073Ha,temmata,tempaan,tempaa,temmata,temmannut,tempasi,temmattu,temmaten,tempaisi,temmatkaa,temmannemme,
V073Ia,kellata,keltaan,keltaa,kellata,kellannut,keltasi,kellattu,kellaten,keltaisi,kellatkaa,kellannemme,
V073Ia,kullata,kultaan,kultaa,kullata,kullannut,kultasi,kullattu,kullaten,kultaisi,kullatkaa,kullannemme,
V073Ia,mullata,multaan,multaa,mullata,mullannut,multasi,mullattu,mullaten,multaisi,mullatkaa,mullannemme,
V073Ia,vallata,valtaan,valtaa,vallata,vallannut,valtasi,vallattu,vallaten,valtaisi,vallatkaa,vallannemme,
V073Jä,rynnätä,ryntään,ryntää,rynnätä,rynnännyt,ryntäsi,rynnätty,rynnäten,ryntäisi,rynnätkää,rynnännemme,
V073Jä,sännätä,säntään,säntää,sännätä,sännännyt,säntäsi,sännätty,sännäten,säntäisi,sännätkää,sännännemme,
V073Ja,suunnata,suuntaan,suuntaa,suunnata,suunnannut,suuntasi,suunnattu,suunnaten,suuntaisi,suunnatkaa,suunnannemme,
V073Ka,kerrata,kertaan,kertaa,kerrata,kerrannut,kertasi,kerrattu,kerraten,kertaisi,kerratkaa,kerrannemme,
V073Ka,verrata,vertaan,vertaa,verrata,verrannut,vertasi,verrattu,verraten,vertaisi,verratkaa,verrannemme,
V073Ka,virrata,virtaan,virtaa,virrata,virrannut,virtasi,virrattu,virraten,virtaisi,virratkaa,virrannemme,
V073Lä,hyljätä,hylkään,hylkää,hyljätä,hyljännyt,hylkäsi,hyljätty,hyljäten,hylkäisi,hyljätkää,hyljännemme,
V073Lä,peljätä,pelkään,pelkää,peljätä,peljännyt,pelkäsi,peljätty,peljäten,pelkäisi,peljätkää,peljännemme,
V0740a,erota,eroan,eroaa,erota,eronnut,erosi,erottu,eroten,eroaisi/eroisi,erotkaa,eronnemme,
V0740a,hajota,hajoan,hajoaa,hajota,hajonnut,hajosi,hajottu,hajoten,hajoaisi/hajoisi,hajotkaa,hajonnemme,
V0740a,hillota,hilloan,hilloaa,hillota,hillonnut,hillosi,hillottu,hilloten,hilloaisi/hilloisi,hillotkaa,hillonnemme,
V0740a,himota,himoan,himoaa,himota,himonnut,himosi,himottu,himoten,himoaisi/himoisi,himotkaa,himonnemme,
V0740ä,hirvetä,hirveän,hirveää,hirvetä,hirvennyt,hirvesi,hirvetty,hirveten,hirveäisi,hirvetkää,hirvennemme,
V0740a,holhota,holhoan,holhoaa,holhota,holhonnut,holhosi,holhottu,holhoten,holhoaisi/holhoisi,holhotkaa,holhonnemme,
V0740ä,höyrytä,höyryän,höyryää,höyrytä,höyrynnyt,höyrysi,höyrytty,höyryten,höyryäisi,höyrytkää,höyrynnemme,
V0740ä,hymytä,hymyän,hymyää,hymytä,hymynnyt,hymysi,hymytty,hymyten,hymyäisi,hymytkää,hymynnemme,
V0740ä,hyrskytä,hyrskyän,hyrskyää,hyrskytä,hyrskynnyt,hyrskysi,hyrskytty,hyrskyten,hyrskyäisi,hyrskytkää,hyrskynnemme,
V0740ä,kivetä,kiveän,kiveää,kivetä,kivennyt,kivesi,kivetty,kiveten,kiveäisi,kivetkää,kivennemme,
V074Aa,kaikota,kaikkoan,kaikkoaa,kaikota,kaikonnut,kaikkosi,kaikottu,kaikoten,kaikkoaisi/kaikkoisi,kaikotkaa,kaikonnemme,
V074Aa,karkota,karkkoan,karkkoaa,karkota,karkonnut,karkkosi,karkottu,karkoten,karkkoaisi/karkkoisi,karkotkaa,karkonnemme,
V074Aa,koukuta,koukkuan,koukkuaa,koukuta,koukunnut,koukkusi,koukuttu,koukuten,koukkuaisi,koukutkaa,koukunnemme,
V074Aa,poiketa,poikkean,poikkeaa,poiketa,poikennut,poikkesi,poikettu,poiketen,poikkeaisi/poikkeisi,poiketkaa,poikennemme,
V074Aa,ruokota,ruokkoan,ruokkoaa,ruokota,ruokonnut,ruokkosi,ruokottu,ruokoten,ruokkoaisi/ruokkoisi,ruokotkaa,ruokonnemme,
V074Ba,lipota,lippoan,lippoaa,lipota,liponnut,lipposi,lipottu,lipoten,lippoaisi,lipotkaa,liponnemme,
V074Ba,pulputa,pulppuan,pulppuaa,pulputa,pulpunnut,pulppusi,pulputtu,pulputen,pulppuaisi,pulputkaa,pulpunnemme,
V074Ba,pumputa,pumppuan,pumppuaa,pumputa,pumpunnut,pumppusi,pumputtu,pumputen,pumppuaisi,pumputkaa,pumpunnemme,
V074Ba,silputa,silppuan,silppuaa,silputa,silpunnut,silppusi,silputtu,silputen,silppuaisi,silputkaa,silpunnemme,
V074Ba,upota,uppoan,uppoaa,upota,uponnut,upposi,upottu,upoten,uppoaisi,upotkaa,uponnemme,
V074Da,hiota,hikoan,hikoaa,hiota,hionnut,hikosi,hiottu,hioten,hikoaisi/hikoisi,hiotkaa,hionnemme,
V074Dä,keretä,kerkeän,kerkeää,keretä,kerennyt,kerkesi,keretty,kereten,kerkeäisi,keretkää,kerennemme,
V074Da,koota,kokoan,kokoaa,koota,koonnut,kokosi,koottu,kooten,kokoaisi/kokoisi,kootkaa,koonnemme,
V074Da,laota,lakoan,lakoaa,laota,laonnut,lakosi,laottu,laoten,lakoaisi/lakoisi,laotkaa,laonnemme,
V074Da,laueta,laukean,laukeaa,laueta,lauennut,laukesi,lauettu,laueten,laukeaisi/laukeisi,lauetkaa,lauennemme,
V074Da,liota,likoan,likoaa,liota,lionnut,likosi,liottu,lioten,likoaisi/likoisi,liotkaa,lionnemme,
V074Dä,pietä,pikeän,pikeää,pietä,piennyt,pikesi,pietty,pieten,pikeäisi,pietkää,piennemme,
V074Eä,hävetä,häpeän,häpeää,hävetä,hävennyt,häpesi,hävetty,häveten,häpeisi/häpeäisi,hävetkää,hävennemme,
V074Ea,hervota,herpoan,herpoaa,hervota,hervonnut,herposi,hervottu,hervoten,herpoaisi/herpoisi,hervotkaa,hervonnemme,
V074Ea,kavuta,kapuan,kapuaa,kavuta,kavunnut,kapusi,kavuttu,kavuten,kapuaisi,kavutkaa,kavunnemme,
V074Eä,kiivetä,kiipeän,kiipeää,kiivetä,kiivennyt,kiipesi,kiivetty,kiiveten,kiipeisi/kiipeäisi,kiivetkää,kiivennemme,
V074Ea,kirvota,kirpoan,kirpoaa,kirvota,kirvonnut,kirposi,kirvottu,kirvoten,kirpoaisi/kirpoisi,kirvotkaa,kirvonnemme,
V074Ea,kivuta,kipuan,kipuaa,kivuta,kivunnut,kipusi,kivuttu,kivuten,kipuaisi,kivutkaa,kivunnemme,
V074Ea,korveta,korpean,korpeaa,korveta,korvennut,korpesi,korvettu,korveten,korpeaisi/korpeisi,korvetkaa,korvennemme,
V074Eä,livetä,lipeän,lipeää,livetä,livennyt,lipesi,livetty,liveten,lipeisi/lipeäisi,livetkää,livennemme,
V074Eä,revetä,repeän,repeää,revetä,revennyt,repesi,revetty,reveten,repeisi/repeäisi,revetkää,revennemme,
V074Fa,kadota,katoan,katoaa,kadota,kadonnut,katosi,kadottu,kadoten,katoaisi,kadotkaa,kadonnemme,
V074Fa,liiduta,liituan,liituaa,liiduta,liidunnut,liitusi,liiduttu,liiduten,liituaisi,liidutkaa,liidunnemme,
V074Fa,padota,patoan,patoaa,padota,padonnut,patosi,padottu,padoten,patoaisi,padotkaa,padonnemme,
V074Fa,pudota,putoan,putoaa,pudota,pudonnut,putosi,pudottu,pudoten,putoaisi,pudotkaa,pudonnemme,
V074Fa,todeta,totean,toteaa,todeta,todennut,totesi,todettu,todeten,toteisi,todetkaa,todennemme,
V074Fä,vyyhdetä,vyyhteän,vyyhteää,vyyhdetä,vyyhdennyt,vyyhtesi,vyyhdetty,vyyhdeten,vyyhteisi/vyyhteäisi,vyyhdetkää,vyyhdennemme,
V074Ga,hangota,hankoan,hankoaa,hangota,hangonnut,hankosi,hangottu,hangoten,hankoaisi,hangotkaa,hangonnemme,
V074Ga,kangeta,kankean,kankeaa,kangeta,kangennut,kankesi,kangettu,kangeten,kankeaisi/kankeisi,kangetkaa,kangennemme,
V074Ga,langeta,lankean,lankeaa,langeta,langennut,lankesi,langettu,langeten,lankeaisi/lankeisi,langetkaa,langennemme,
V074Ga,lingota,linkoan,linkoaa,lingota,lingonnut,linkosi,lingottu,lingoten,linkoaisi,lingotkaa,lingonnemme,
V074Ga,singota,sinkoan,sinkoaa,singota,singonnut,sinkosi,singottu,singoten,sinkoaisi,singotkaa,singonnemme,
V074Ha,kammeta,kampean,kampeaa,kammeta,kammennut,kampesi,kammettu,kammeten,kampeaisi/kampeisi,kammetkaa,kammennemme,
V074Ha,kimmota,kimpoan/kimmoan,kimpoaa/kimmoaa,kimmota/kimmota,kimmonnut/kimmonnut,kimposi/kimmosi,kimmottu/kimmottu,kimmoten/kimmoten,kimmoaisi/kimmoisi,kimmotkaa/kimmotkaa,kimmonnemme/kimmonnemme,
V074Ha,kummuta,kumpuan,kumpuaa,kummuta,kummunnut,kumpusi,kummuttu,kummuten,kumpuaisi,kummutkaa,kummunnemme,
V074Ha,sammota,sampoan,sampoaa,sammota,sammonnut,samposi,sammottu,sammoten,ConNeg+?,sammotkaa,sammonnemme,
V074Ja,innota,intoan,intoaa,innota,innonnut,intosi,innottu,innoten,intoaisi/intoisi,innotkaa,innonnemme,
V074Ka,irrota,irtoan,irtoaa,irrota,irronnut,irtosi,irrottu,irroten,irtoaisi/irtoisi,irrotkaa,irronnemme,
V074Ka,varrota,vartoan,vartoaa,varrota,varronnut,vartosi,varrottu,varroten,vartoaisi/vartoisi,varrotkaa,varronnemme,
V074La,haljeta,halkean,halkeaa,haljeta,haljennut,halkesi,haljettu,haljeten,halkeaisi/halkeisi,haljetkaa,haljennemme,
V074Lä,herjetä,herkeän,herkeää,herjetä,herjennyt,herkesi,herjetty,herjeten,herkeäisi,herjetkää,herjennemme,
V074Lä,iljetä,ilkeän,ilkeää,iljetä,iljennyt,ilkesi,iljetty,iljeten,ilkeäisi,iljetkää,iljennemme,
V074La,juljeta,julkean/julkenen,julkeaa/julkenee,juljeta,juljennut,julkeni/julkesi,juljettu,juljeten,julkeaisi/julkeisi,juljetkaa,juljennemme,
V074Lä,kehjetä,kehkeän,kehkeää,kehjetä,kehjennyt,kehkesi,kehjetty,kehjeten,kehkeäisi,kehjetkää,kehjennemme,
V074Lä,kerjetä,kerkeän,kerkeää,kerjetä,kerjennyt,kerkesi,kerjetty,kerjeten,kerkeäisi,kerjetkää,kerjennemme,
V074La,lohjeta,lohkean,lohkeaa,lohjeta,lohjennut,lohkesi,lohjettu,lohjeten,lohkeaisi/lohkeisi,lohjetkaa,lohjennemme,
V074La,puhjeta,puhkean,puhkeaa,puhjeta,puhjennut,puhkesi,puhjettu,puhjeten,puhkeaisi/puhkeisi,puhjetkaa,puhjennemme,
V074Lä,teljetä,telkeän,telkeää,teljetä,teljennyt,telkesi,teljetty,teljeten,telkeäisi,teljetkää,teljennemme,
V0750a,bingota,bingoan,bingoaa,bingota,bingonnut,bingosi,bingottu,bingoten,bingoaisi,bingotkaa,bingonnemme,
V0750a,diskota,diskoan,diskoaa,diskota,diskonnut,diskosi,diskottu,diskoten,diskoaisi,diskotkaa,diskonnemme,
V0750ä,eritä,eriän,eriää,eritä,erinnyt,erisi,eritty,eriten,eriäisi,eritkää,erinnemme,
V0750a,haluta,haluan,haluaa,haluta,halunnut,halusi,haluttu,haluten,haluaisi,halutkaa,halunnemme,
V0750ä,hälytä,hälyän,hälyää,hälytä,hälynnyt,hälysi,hälytty,hälyten,hälyäisi,hälytkää,hälynnemme,
V0750a,hamuta,hamuan,hamuaa,hamuta,hamunnut,hamusi,hamuttu,hamuten,hamuaisi,hamutkaa,hamunnemme,
V0750ä,hävitä,häviän,häviää,hävitä,hävinnyt,hävisi,hävitty,häviten,häviäisi,hävitkää,hävinnemme,
V0750ä,hirvitä,hirviän,hirviää,hirvitä,hirvinnyt,hirvisi,hirvitty,hirviten,hirviäisi,hirvitkää,hirvinnemme,
V0750a,hulmuta,hulmuan,hulmuaa,hulmuta,hulmunnut,hulmusi,hulmuttu,hulmuten,hulmuaisi,hulmutkaa,hulmunnemme,
V0750ä,jyrytä,jyryän,jyryää,jyrytä,jyrynnyt,jyrysi,jyrytty,jyryten,jyryäisi,jyrytkää,jyrynnemme,
V075Bä,ryöpytä,ryöppyän,ryöppyää,ryöpytä,ryöpynnyt,ryöppysi,ryöpytty,ryöpyten,ryöppyäisi,ryöpytkää,ryöpynnemme,
V075Dä,selitä,selkiän,selkiää,selitä,selinnyt,selkisi,selitty,seliten,selkiäisi,selitkää,selinnemme,
V075Dä,siitä,sikiän,sikiää,siitä,siinnyt,sikisi,siitty,siiten,sikiäisi,siitkää,siinnemme,
V075Fa,muodota,muotoan,muotoaa,muodota,muodonnut,muotosi,muodottu,muodoten,muotoaisi,muodotkaa,muodonnemme,
V075Hä,lämmitä,lämpiän,lämpiää,lämmitä,lämminnyt,lämpisi,lämmitty,lämmiten,lämpiäisi,lämmitkää,lämminnemme,
V075Ia,aallota,aaltoan,aaltoaa,aallota,aallonnut,aaltosi,aallottu,aalloten,aaltoaisi,aallotkaa,aallonnemme,
V075Iä,hellitä,heltiän,heltiää,hellitä,hellinnyt,heltisi,hellitty,helliten,heltiäisi,hellitkää,hellinnemme,
V076Fa,taitaa,taidan,taitaa,taideta,tainnut/taitanut,taisi,taidettu,taitaen,taitaisi,taitakaa,tainnemme/taitanemme,
V076Fä,tietää,tiedän,tietää,tiedetä,tiennyt/tietänyt,tiesi,tiedetty,tietäen,tietäisi,tietäkää,tiennemme/tietänemme,
V0770ä,heläjää,Sg1+?,heläjää,ConNeg+?,ConNeg+?,heläji,ConNeg+?,Ins+?,heläjäisi,Pl2+?,Pl1+?,
V0770a,kumajaa,Sg1+?,kumajaa,ConNeg+?,ConNeg+?,kumaji,ConNeg+?,Ins+?,kumajaisi,Pl2+?,Pl1+?,
V0770a,vipajaa,Sg1+?,vipajaa,ConNeg+?,ConNeg+?,vipaji,ConNeg+?,Ins+?,vipajaisi,Pl2+?,Pl1+?,
V0780ä,helskää,Sg1+?,helskää,ConNeg+?,ConNeg+?,Sg3+?,ConNeg+?,Ins+?,helskäisi,Pl2+?,Pl1+?,
V0780a,hohkaa,Sg1+?,hohkaa,ConNeg+?,ConNeg+?,Sg3+?,ConNeg+?,Ins+?,hohkaisi,Pl2+?,Pl1+?,
V0780a,huiskaa,Sg1+?,huiskaa,ConNeg+?,ConNeg+?,Sg3+?,ConNeg+?,Ins+?,huiskaisi,Pl2+?,Pl1+?,
V0780ä,jyskää,Sg1+?,jyskää,ConNeg+?,ConNeg+?,Sg3+?,ConNeg+?,Ins+?,jyskäisi,Pl2+?,Pl1+?,
V0780a,kaikaa,Sg1+?,kaikaa,ConNeg+?,ConNeg+?,Sg3+?,ConNeg+?,Ins+?,kaikaisi,Pl2+?,Pl1+?,
V0780a,kalkkaa,Sg1+?,kalkkaa,ConNeg+?,ConNeg+?,Sg3+?,ConNeg+?,Ins+?,kalkkaisi,Pl2+?,Pl1+?,
V0780a,kapsaa,Sg1+?,kapsaa,ConNeg+?,ConNeg+?,Sg3+?,ConNeg+?,Ins+?,kapsaisi,Pl2+?,Pl1+?,
V0780ä,läpsää,Sg1+?,läpsää,ConNeg+?,ConNeg+?,Sg3+?,ConNeg+?,Ins+?,läpsäisi,Pl2+?,Pl1+?,
V0780ä,mäikää,Sg1+?,mäikää,ConNeg+?,ConNeg+?,Sg3+?,ConNeg+?,Ins+?,mäikäisi,Pl2+?,Pl1+?,
V0780ä,mäiskää,Sg1+?,mäiskää,ConNeg+?,ConNeg+?,Sg3+?,ConNeg+?,Ins+?,mäiskäisi,Pl2+?,Pl1+?,
V078Aa,tuikkaa,Sg1+?,tuikkaa,ConNeg+?,ConNeg+?,Sg3+?,ConNeg+?,Ins+?,tuikkaisi,Pl2+?,Pl1+?,
V0990a,kusta,kusen,kusee,kusta,kussut,kusi,kustu,kusten,kusisi,kuskaa,kussemme,
V0990ä,päästä,pääsen,pääsee,päästä,päässyt,pääsi,päästy,päästen,pääsisi,pääskää,päässemme,
V0990a,parata,paranen,paranee,parata,parannut,parani,parattu,paraten,paranisi,paratkaa,parannemme,
