kävellä
kävelläkseni
kävelläksesi
kävelläkseen
kävelläksemme
kävelläksenne
kävelläkseen
kävellessä
käveltäessä
kävellen
kävelemässä
kävelemästä
kävelemään
kävelemällä
kävelemättä
kävelemän
käveltämän
käveleminen
kävelemistä
kävelemäisilläni
kävelemäisilläsi
kävelemäisillään
kävelemäisillämme
kävelemäisillänne
kävelemäisillään
kävelevä
käveltävä
kävellyt
kävelty
kävelemä
kävelen
kävelet
kävelette
kävelee
kävelemme
kävelette
kävelevät
kävellään
kävelin
kävelit
kävelitte
käveli
kävelimme
kävelitte
kävelivät
käveltiin
kävelisin
kävelisit
kävelisitte
kävelisi
kävelisimme
kävelisitte
kävelisivät
käveltäisiin
kävellen
kävellet
kävellette
kävellee
kävellemme
kävellette
kävellevät
käveltäneen
kävele
kävelkää
kävelköön
kävelkäämme
kävelkää
kävelkööt
käveltäköön
kävelköön
kävelkööt
käveltäköön
