kävellä
kävelläkseni
kävelläksesi
kävelläkseen
kävelläksemme
kävelläksenne
kävelläkseen
kävellessä
käveltäessä
kävellen
kävelemässä
kävelemästä
kävelemään
kävelemällä
kävelemättä
kävelemän
käveltämän
käveleminen
kävelemistä
kävelemäisilläni
kävelemäisilläsi
kävelemäisillään
kävelemäisillämme
kävelemäisillänne
kävelemäisillään
kävelevä
käveltävä
kävellyt
kävelty
kävelemä
kävelen
kävelet
kävelette
kävelee
kävelemme
kävelette
kävelevät
kävellään
kävelin
kävelit
kävelitte
käveli
kävelimme
kävelitte
kävelivät
käveltiin
olen kävellyt
olet kävellyt
olette kävellyt
on kävellyt
olemme kävelleet
olette kävelleet
ovat kävelleet
on kävelty
olin kävellyt
olit kävellyt
olitte kävellyt
oli kävellyt
olimme kävelleet
olitte kävelleet
olivat kävelleet
oli kävelty
kävelisin
kävelisit
kävelisitte
kävelisi
kävelisimme
kävelisitte
kävelisivät
käveltäisiin
olisin kävellyt
olisit kävellyt
olisitte kävellyt
olisi kävellyt
olisimme kävelleet
olisitte kävelleet
olisivat kävelleet
olisi kävelty
kävellen
kävellet
kävellette
kävellee
kävellemme
kävellette
kävellevät
käveltäneen
lienen kävellyt
lienet kävellyt
lienette kävellyt
lienee kävellyt
lienemme kävelleet
lienette kävelleet
lienevät kävelleet
lienee kävelty
kävele
kävelkää
kävelköön
kävelkäämme
kävelkää
kävelkööt
käveltäköön
ole kävellyt
olkaa kävellyt
olkoon kävellyt
olkaamme kävelleet
olkaa kävelleet
olkoot kävelleet
olkoon kävelty
kävelköön
kävelkööt
käveltäköön
olkoon kävellyt
olkoot kävelleet
