1,1,v1,1,h0,a
4,3,v1,3,h1,
65,2,v0,2,h1,
76,8,v0,8,h1,taneen
8,2,v0,2,h1,
9,4,v0,1,h0,a
10,4,v0,1,h0,aan
20,1,v1,1,h0,aksemme
22,1,v1,1,h0,akseni
21,1,v1,1,h0,aksenne
23,1,v1,1,h0,aksesi
75,5,v1,5,h0,ee
70,5,v1,5,h0,emme
27,9,v1,1,h0,en
73,5,v1,5,h0,en
26,9,v1,1,h0,essa
74,5,v1,5,h0,et
71,5,v1,5,h0,ette
72,5,v1,5,h0,evat
17,6,v1,6,h1,i
12,6 ,v0,6,h1,imme
15,6,v0,6,h1,in
54,10,v1,10,h1,isi
55,10,v1,10,h1,isimme
58,10,v1,10,h1,isin
59,10,v1,10,h1,isit
56,10,v1,10,h1,isitte
57,10,v1,10,h1,isivat
16,6,v0,6,h1,it
13,6,v0,6,h1,itte
14,6,v1,6,h1,ivat
63,11,v1,8,h0,kaa
62,11,v1,8,h0,kaamme
66,11,v1,8,h0,koon
64,11,v1,8,h0,koot
42,11,v1,2,h1,ma
32,11,v1,2,h1,maan
49,11,v1,2,h1,maisillaan
50,11,v1,2,h1,maisillamme
52,11,v1,2,h1,maisillani
51,11,v1,2,h1,maisillanne
53,11,v1,2,h1,maisillasi
30,11,v1,2,h1,malla
34,11,v1,2,h1,man
33,11,v1,2,h1,massa
31,11,v1,2,h1,masta
29,11,v1,2,h1,matta
68,11,v1,2,h1,minen
37,11,v1,2,h1,mista
69,11,v1,2,h1,mista
5,2,v0,2,h1,mme
2,2,v0,2,h1,n
3,2,v0,2,h1,t
28,8,v0,8,h0,taessa
61,8,v0,8,h0,taisiin
67,8,v0,8,h0,takoon
25,8,v0,8,h0,taman
48,8,v0,8,h0,tava
19,8,v0,8,h0,tiin
6,2,v0,2,h1,tte
18,8,v0,8,h0,tu
11,5,v1,5,h0,ut
44,4,v0,1,h0,ut
47,11,v1,2,h1,va
46,11,v1,2,h1,vat
7,2,v1,2,h1,vat
