^kehua/kehu N Par Sg/kehua V Inf1 Lat$
^kehuaksemme/kehua V Inf1 Act Tra Sg PxPl1$
^kehuakseni/kehua V Inf1 Act Tra Sg PxSg1$
^kehuaksenne/kehua V Inf1 Act Tra Sg PxPl2$
^kehuaksesi/kehua V Inf1 Act Tra Sg PxSg2$
^kehu/kehu N Nom Sg/kehua V Impv Act Sg2/kehua V Prs Act ConNeg$
^kehueieie/*kehueieie$
^kehumme/kehu N Gen Sg PxPl1/kehu N Nom Pl PxPl1/kehu N Nom Sg PxPl1/kehua V Prs Act Pl1$
^kehun/kehu N Gen Sg/kehua V Prs Act Sg1$
^kehut/kehu N Nom Pl/kehua V Prs Act Sg2$
^kehutte/kehua V Prs Act Pl2$
^kehuvat/kehua PrsPrc Act Pos Nom Pl/kehua V Prs Act Pl3/kehuva A Pos Nom Pl$
^kehuu/kehua V Prs Act Sg3$
^kehuta/kehua V Prs Pass ConNeg$
^kehutaan/kehu#taka N Gen Sg/kehua V Prs Pass Pe4$
^kehutut/kehua PrfPrc Pass Pos Nom Pl$
^kehunee/kehua V Pot Act Sg3$
^kehunemme/kehua V Pot Act Pl1$
^kehunen/kehua V Pot Act Sg1$
^kehunet/kehua V Pot Act Sg2$
^kehunette/kehua V Pot Act Pl2$
^kehunevat/kehu#neva N Nom Pl/kehua V Pot Act Pl3$
^kehunut/kehua PrfPrc Act Pos Nom Sg/kehua V Pst Act ConNeg$
^kehui/kehua V Pst Act Sg3$
^kehuimme/kehua V Pst Act Pl1$
^kehuin/kehu N Ins Pl/kehua V Pst Act Sg1$
^kehuit/kehua V Pst Act Sg2$
^kehuitte/kehua V Pst Act Pl2$
^kehuivat/kehu#iva N Nom Pl/kehua V Pst Act Pl3$
^kehuttaessa/kehua V Inf2 Pass Ine$
^kehuttaisiin/kehua V Cond Pass Pe4$
^kehuttakoon/kehua V Impv Pass Pe4$
^kehuttaman/kehua V Inf3 Pass Ins$
^kehuttaneen/kehua V Pot Pass Pe4$
^kehuttava/kehua PrsPrc Pass Pos Nom Sg/kehuttava A Pos Nom Sg$
^kehuttiin/kehua V Pst Pass Pe4$
^kehuttu/kehua PrfPrc Pass Pos Nom Sg/kehua V Pst Pass ConNeg$
^kehuen/kehua V Inf2 Act Ins$
^kehuessa/kehua V Inf2 Act Ine Sg$
^kehuisi/kehu#isi N Nom Sg/kehua V Cond Act ConNeg/kehua V Cond Act Sg3$
^kehuisimme/kehu#isi N Gen Sg PxPl1/kehu#isi N Nom Pl PxPl1/kehu#isi N Nom Sg PxPl1/kehua V Cond Act Pl1$
^kehuisin/kehu#isi N Gen Sg/kehu#isä N Ins Pl/kehua V Cond Act Sg1$
^kehuisit/kehu#isi N Nom Pl/kehua V Cond Act Sg2$
^kehuisitte/kehua V Cond Act Pl2$
^kehuisivat/kehua V Cond Act Pl3$
^kehuma/kehua AgPrc Pos Nom Sg$
^kehumaan/kehu#maa N Gen Sg/kehua AgPrc Pos Ill Sg/kehua V Inf3 Ill$
^kehumaisillaan/kehu#mainen A Pos Ade Pl Px3/kehua V Act Inf5 Px3$
^kehumaisillamme/kehu#mainen A Pos Ade Pl PxPl1/kehua V Act Inf5 PxPl1$
^kehumaisillani/kehu#mainen A Pos Ade Pl PxSg1/kehua V Act Inf5 PxSg1$
^kehumaisillanne/kehu#mainen A Pos Ade Pl PxPl2/kehua V Act Inf5 PxPl2$
^kehumaisillasi/kehu#mainen A Pos Ade Pl PxSg2/kehua V Act Inf5 PxSg2$
^kehumalla/kehua AgPrc Pos Ade Sg/kehua V Inf3 Ade$
^kehuman/kehua AgPrc Pos Gen Sg/kehua V Inf3 Man$
^kehumassa/kehu#massa N Nom Sg/kehua AgPrc Pos Ine Sg/kehua V Inf3 Ine$
^kehumasta/kehua AgPrc Pos Ela Sg/kehua V Inf3 Ela$
^kehumatta/kehu#matta A Pos Nom Sg/kehua AgPrc Pos Abe Sg/kehua V Inf3 Abe$
^kehuminen/kehua V N Nom Sg/kehuminen N Nom Sg$
^kehumista/kehua AgPrc Pos Ela Pl/kehua V N Par Sg/kehuminen N Par Sg$
^kehumista/kehua AgPrc Pos Ela Pl/kehua V N Par Sg/kehuminen N Par Sg$
^kehuva/kehua PrsPrc Act Pos Nom Sg/kehuva A Pos Nom Sg$
^kehuvat/kehua PrsPrc Act Pos Nom Pl/kehua V Prs Act Pl3/kehuva A Pos Nom Pl$
^kehukaa/kehua V Impv Act Pl2$
^kehukaamme/kehua V Impv Act Pl1$
