01=,,a,n,*n,lle,tta,t,ja,jen,ihin,ille,in,itta,
02=,,a,n,*n,lle,tta,t,ita/ja,iden/itten/jen,ihin,ille,in,itta,
03=,,ta,n,*n,lle,tta,t,ita,iden/itten,ihin,ille,in,itta,
04=,,a,n,on,lle,tta,t,ja/oita,jen/iden/itten,ihin,ille,in,itta,
05=,,ia,in,iin,ille,itta,it,eja,ien,eihin,eille,ein,eitta,
06=,,ia,in,iin,ille,itta,it,eita/eja,ien/eiden/eitten,eihin,eille,ein,eitta,
07=,,ea,en,een,elle,etta,et,a,en,in,lle,n,tta,
08=,,a,n,en,lle,tta,t,ja,in/jen,ihin,ille,in,itta,
09=,,a,n,an,lle,tta,t,oja,ain/ojen,oihin,oille,oin,oitta,
10=,,a,n,an,lle,tta,t,ia,ien/in,iin,ille,in,itta,
11=,,a,n,an,lle,tta,t,ia,ien/in/oiden/oitten/ojen,iin/oihin,ille/oille,in,itta,
12=,,a,n,an,lle,tta,t,oita,in/oiden/oitten,oihin/iin,oille,oin,oitta,
13=,,a,n,an,lle,tta,t,oita/oja,in/oiden/oitten/ojen,oihin,oille,oin,oitta,
14=,,a,n,an,lle,tta,t,oja/oita,in/ojen/oiden/oitten,oihin,oille,oin,oitta,
15=,,a,n,an,lle,tta,t,ita,iden/itten/in,ihin/isiin,ille,in,itta,
16=,,aa,an,aan,alle,atta,at,a,en/ain,in,lle,ain,itta,
17=,,ta,n,seen,lle,tta,t,ita,iden/itten,ihin/isiin,ille,in,itta,
18=,,ta,n,h*n,lle,tta,t,ita,iden/itten,ihin,ille,in,itta,
19=,,ta,n,h*n/seen,lle,tta,t,ita,iden/itten,ihin/isiin,ille,in,itta,
20=,,ta,n,h*n/seen,lle,tta,t,ita,iden/itten,ihin/isiin,ille,in,itta,
21=,,ta,n,h*n/seen,lle,tta,t,ita,iden/itten,ihin/isiin,ille,in,itta,
22=,,'ta,'n,'hen,'lle,'tta,'t,'ita,'iden,'ihin,'ille,'in,'itta,
23=,,ta,en,een,elle,etta,et,a,en,in,lle,n,tta,
24=,,ta,en,een,elle,etta,et,a,en/ten,in,lle,in,tta,
25=,,ea/nta,en,een,elle,etta,et,a,en/-nten,in,lle,n,tta,
26=,,ta,en,een,elle,etta,et,a,en/ten,in,lle,n,tta,
27=,,tta,den,teen,delle,detta,det,a,en/tten,in,lle,n,tta,
28=,si,tta,_en,teen,_elle,_etta,_et,a,tten/sien,siin,sille,n,sitta,
29=,i,-sta,en,een,elle,etta,et,a,en/ten,in,lle,n,tta,
30=,i,a/sta,en,een,elle,etta,et,ia,en/ien/sten,iin,ille,in,itta,
31=,,hta,hden,hteen,hdelle,hdetta,hdet,ia,en/ien/sten,iin,ille,in,itta,
32=,,ta,en,een,elle,etta,et,ia,ien/ten,iin,ille,in,itta,
33=,,ta,men,meen,melle,metta,met,mia,mien/ten,miin,mille,min,mitta,
34=,,ta,man,maan,malle,matta,mat,mia,ten/mien,miin,mille,min,mitta,
36=,n,mpaa/nta,mman,mpaan,mmalle,mmatta,mmat,mpia,mpien/mpain/nten,mpiin,mmille,mmin,mmitta,
37=,n,mpaa/nta,mman,mpaan,mmalle,mmatta,mmat,mpia,mpien/mpain/ten,mpiin,mmille,mmin,mmitta,
38=,nen,sta,sen,seen,selle,setta,set,sia,sien/sten,siin,sille,sin,sitta,
39=,s,sta,ksen,kseen,kselle,ksetta,kset,ksia,ksien/ten,ksiin,ksille,ksin,ksitta,
40=,,tta,den,teen,delle,detta,det,ksia,ksien,ksiin,ksille,ksin,ksitta,
41=,,ta,*n,*seen,*lle,*tta,*t,ita,iden/itten,ihin/isiin,ille,in,itta,
42=,,ta,hen,heen,helle,hetta,het,hia,hien/ten,hiin,hille,hin,hitta,
43=,,ta,en,een,elle,etta,et,ita,iden/itten,ihin/isiin,ille,in,itta,
44=,,ta,an,aseen,alle,atta,at,ita,iden/itten,ihin/isiin,ille,in,itta,
44x=,t,tta,an,aseen,alle,atta,at,ita,iden/itten,ihin/isiin,ille,in,itta,
45=,,etta,nnen,nteen,nnelle,nnetta,nnet,nsia,nsien,teisin/siin,ille,in,itta,
44x=,t,tta,an,aseen,alle,atta,at,ita,iden/itten,ihin/isiin,ille,in,itta,
46=,,ta,nnen,nteen,nnelle,nnetta,nnet,nsien,nsiin,nsille,nsin,nsitta,
47=,,ta,een,eeseen,eelle,eetta,eet,eita,eiden/eitten,eisiin/eihin,eille,ein,eitta,
48=,,tta,en,eseen,elle,etta,et,ita,iden/itten,siin,nnille,in,nnitta,
49=,,ta,en/een,een/eeseen,elle/eelle,etta/eetta,et/eet,ia/eita,ien/eitten/eiden/ten,iin/eihin/eisiin,ille/eille,in,itta/eitta, 


