tervetuloa/terve#tuloa
perhokalastaa/per-#hoka#lasta N Par Sg
kalautella/kala#ute N Ade Sg
aikalailla/aika#laki N Ade Pl/aika#laki N Ade Sg
ajanmittaan/aika#mitta N Ill Sg
talvikko/talvi#kko N Abbr Nom Sg
nenäytyä/nenä#yty N Par Sg
seurakunnan/seura#kunta N Gen Sg
peeloilla/pee#loka N Ade Pl/pee#luo N Ade Pl
sähkötehon/sähkö#teho N Gen Sg
ulkopuolella/ulko#puoli N Ade Sg/ulko-#puoli N Ade Sg
vuorokausikaupalla/vuoro#kausi#kauppa N Ade Sg
esimerkiksi/esi#merkki N Tra Sg/esi-#merkki N Tra Sg
pillusillaan/pillu#silla N Ill Sg
piiti/pii#ti N
perseillä/per-#sei N Ade Pl/per-#sei N Ade Sg/perse N Ade Pl
aamupäivällä/aamu#päivä N Ade Sg
maailmalla/maa#ilma N Ade Sg
juhlajuomana/juhla#juoma N Ess Sg
paperimittana/paperi#mitta N Ess Sg
jalkapelillä/jalka#peli N Ade Sg
domain/do#maa N Ins Pl
aamuöisin/aamu#öinen A Pos Ins Pl/aamu#öinen A Superl Nom Sg
kokoajan/koko#aika N Gen Sg/kokoaja N Gen Sg
eilispäivänä/eilinen#päivä N Ess Sg/eilis#päivä N Ess Sg
eilisin/ei-#lisä N Ins Pl/eilinen A Pos Ins Pl/eilinen A Superl Nom Sg/eilinen N Ins Pl
pilkunhalkoja/pilkku#halko N Par Pl
pillusillaan/pillu#silla N Ill Sg
munasillaan/muna#silla N Ill Sg
sisäpuolella/sisä#puoli N Ade Sg/sisä-#puoli N Ade Sg
ulkopuolella/ulko#puoli N Ade Sg/ulko-#puoli N Ade Sg
yläpuolelle/ylä#puoli N All Sg/ylä-#puoli N All Sg
fore/fot#re N
lastukko/lastu#kko N Abbr Nom Sg
aamuvarhaisella/aamu#varhainen A Pos Ade Sg/aamu#varhainen N Ade Sg
haiti/hai#ti N
haiti/hai#ti N
perustelematon/perus#tele#matto N Gen Sg/perus#tele-#matto N Gen Sg/perus-#tele#matto N Gen Sg/perus-#tele-#matto N Gen Sg/perustella NegPrc Pos Nom Sg
tervetuloa/terve#tuloa
sotajalassa/sota#jalka N Ine Sg
esimerkiksi/esi#merkki N Tra Sg/esi-#merkki N Tra Sg
perhepiirissä/perhe#piiri N Ine Sg
tulevaisuudessa/tule#vaisuus N Ine Sg/tulevaisuus N Ine Sg/tulla PrsPrc Act#uusi A Pos Ine Sg
tervetuloa/terve#tuloa
puhepäällä/puhe#pää N Ade Sg
agami/aga#mi N
järkiytyä/järki#yty N Par Sg
ämpärikaupalla/ämpäri#kauppa N Ade Sg
alapuolella/ala#puoli N Ade Sg/ala-#puoli N Ade Sg
alapuolella/ala#puoli N Ade Sg/ala-#puoli N Ade Sg
poseidon/pose#ido N Gen Sg
peeloilla/pee#loka N Ade Pl/pee#luo N Ade Pl
läjäytyä/läjä#yty N Par Sg
kokonaisuudessaan/koko#nainen#uusi A Pos Ine Sg Px3/koko#naisuus N Ine Sg Px3/kokonaisuus N Ine Sg Px3
työprojektiin/työ#projekti N Ill Sg
alustamaton/alusta#matto N Gen Sg/alustaa NegPrc Pos Nom Sg
säteilylämmöllä/säteily#lämpö N Ade Sg
kulmakko/kulma#kko N Abbr Nom Sg
pikkula/pikku-#la N
kokkola/kokko#la N
kokkola/kokko#la N
kokkola/kokko#la N
kalanti/kala#ti N
kalanti/kala#ti N
kalanti/kala#ti N
karkkila/karkki#la N
karkkila/karkki#la N
karkkila/karkki#la N
pukkila/pukki#la N
pukkila/pukki#la N
pukkila/pukki#la N
tenhola/tenho#la N
tenhola/tenho#la N
tenhola/tenho#la N
pervoilla/per-#voi N Ade Pl/per-#voi N Ade Sg/per-#vuo N Ade Pl/pervo A Pos Ade Pl/pervo N Ade Pl
haiti/hai#ti N
haiti/hai#ti N
haiti/hai#ti N
eilispäivän/eilinen#päivä N Gen Sg/eilis#päivä N Gen Sg
pahnanpahin/pahna#paha A Superl Nom Sg
avokela/avoke#la N
sauvakko/sauva#kko N Abbr Nom Sg
eräytyä/erä#yty N Par Sg
ulkofileestä/ulko#file N Ela Sg/ulko#filee N Ela Sg/ulko-#filee N Ela Sg
orimattila/ori#matti#la N
orimattila/ori#matti#la N
orimattila/ori#matti#la N
kohtalaisen/kohta#lainen A Pos Gen Sg
olkaluun/olka#luu N Gen Sg
railoutua/railo#utu N Par Sg
ulkopuolella/ulko#puoli N Ade Sg/ulko-#puoli N Ade Sg
ulkoilmassa/ulko#ilma N Ine Sg/ulko-#ilma N Ine Sg
riukula/riuku#la N
riukula/riuku#la N
materialistaa/materia#lista N Par Sg
tunnetuin/tunne#tuki N Ins Pl/tunnettu A Pos Ins Pl/tunnettu A Superl Nom Sg/tuntea PrfPrc Pass Pos Ins Pl/tuntea PrfPrc Pass Superl Nom Sg
postiennakolla/posti#ennakko N Ade Sg
aamuaikaan/aamu#aika N Ill Sg
aamuvarhaisella/aamu#varhainen A Pos Ade Sg/aamu#varhainen N Ade Sg
aamupäivällä/aamu#päivä N Ade Sg
aamuöisin/aamu#öinen A Pos Ins Pl/aamu#öinen A Superl Nom Sg
kertomaton/kerto#matto N Gen Sg/kertoa NegPrc Pos Nom Sg
yhteenliitettynä/yhde#liitetty A Pos Ess Sg/yhteen#liitetty A Pos Ess Sg
päiväaikaan/päivä#aika N Ill Sg
albuminuria/albumi#ura N Par Pl
tuoresuolattu/tuore#suolata PrfPrc Pass Pos Nom Sg/tuore#suolata V Pst Pass ConNeg
kurkunpäätä/kurkku#pää N Par Sg/kurkun#pää N Par Sg
vitikko/viti#kko N Abbr Nom Sg
valkovenäjäksi/valko#venäjä N Tra Sg/valko-#venäjä N Tra Sg
valkovenäjäksi/valko#venäjä N Tra Sg/valko-#venäjä N Tra Sg
suuntäydeltä/suu#täysi A Pos Abl Sg/suun#täysi N Abl Sg
puuainesta/puu#aines N Par Sg
pääasiassa/pää#asia N Ine Sg/pää-#asia N Ine Sg
suokko/suo#kko N Abbr Nom Sg
taikko/tai#kko N Abbr Nom Sg
perustelematon/perus#tele#matto N Gen Sg/perus#tele-#matto N Gen Sg/perus-#tele#matto N Gen Sg/perus-#tele-#matto N Gen Sg/perustella NegPrc Pos Nom Sg
harmonikko/harmoni#kko N Abbr Nom Sg
riihikko/riihi#kko N Abbr Nom Sg
albuminuria/albumi#ura N Par Pl
huorala/huora#la N
jumalanpalveluksen/jumala#palvelus N Gen Sg/jumalan#palvelus N Gen Sg
käsityönä/käsi#työ N Ess Sg
irtoainesta/irto-#aines N Par Sg
maailmalla/maa#ilma N Ade Sg
puolitoista/puoli#toinen N Par Sg
syntymäpuvussa/syntymä#puku N Ine Sg
napasillaan/napa#silla N Ill Sg
munasillaan/muna#silla N Ill Sg
pillusillaan/pillu#silla N Ill Sg
bimi/bi-#mi N
suvainti/suva#ti N
numeroitumaton/numero#itu#matto N Gen Sg
numeroitumaton/numero#itu#matto N Gen Sg
numeroitumaton/numero#itu#matto N Gen Sg
kirjanpitoarvoon/kirja#pidot#arvo N Ill Sg/kirja#pito#arvo N Ill Sg/kirjan#pito#arvo N Ill Sg
jouluaattoa/joulu#aatto N Par Sg
kyypäin/kyy#pää N Ins Pl
lääkeainetta/lääke#aine N Par Sg
skandinavia/skandi#avi N Par Sg
permi/per-#mi N
jalkapatikassa/jalka#patikka N Ine Sg
vaimola/vaimo#la N
päärullaustien/pää#rullaus#tie N Gen Sg/pää-#rullaus#tie N Gen Sg
nanosomia/nano#som N Par Sg/nano#soma A Pos Par Pl/nano#soma N Par Pl/nano-#som N Par Sg/nano-#soma A Pos Par Pl/nano-#soma N Par Pl
torakko/tora#kko N Abbr Nom Sg
vuoritalekana/vuo#rita#leka N Ess Sg
agami/aga#mi N
liemikko/liemi#kko N Abbr Nom Sg
muotoutuva/muoto#utua PrsPrc Act Pos Nom Sg
yläpuolella/ylä#puoli N Ade Sg/ylä-#puoli N Ade Sg
pillusillaan/pillu#silla N Ill Sg
munasillaan/muna#silla N Ill Sg
pillusillaan/pillu#silla N Ill Sg
islamofobikko/islam#ofo#bi-#kko N Abbr Nom Sg
vierivieressä/vieri#vieri N Ine Sg
varpuslintujen/varpunen#lintu N Gen Pl/varpus#lintu N Gen Pl
demokratian/demo#kratia N Gen Sg/demokratia N Gen Sg
tytärpommeja/tytär#pommi N Par Pl
käsipelillä/käsi#peli N Ade Sg
käsipelissä/käsi#peli N Ine Sg
mielenterveyskuntoutuja/mielen#terveys#kunto#utu N Par Pl/mieli#terveys#kunto#utu N Par Pl
höpönlöpön/höpö#löpö N Gen Sg/höpön#löpö N Gen Sg
höpönlöpön/höpö#löpö N Gen Sg/höpön#löpö N Gen Sg
höpönlöpön/höpö#löpö N Gen Sg/höpön#löpö N Gen Sg
höpönlöpön/höpö#löpö N Gen Sg/höpön#löpö N Gen Sg
höpönlöpön/höpö#löpö N Gen Sg/höpön#löpö N Gen Sg
pervitiini/per-#viti N Ill Sg PxSg1
pintti/pint#ti N
parisenkymmentä/parisen#kymmenen Num Par Sg/parisen#kymmenen Par
homoseksuaalisuuden/homo#seksuaalisuus N Gen Sg
liuskeutua/liuske#utu N Par Sg
varpuslintujen/varpunen#lintu N Gen Pl/varpus#lintu N Gen Pl
varpuslintujen/varpunen#lintu N Gen Pl/varpus#lintu N Gen Pl
varpuslintuihin/varpunen#lintu N Ill Pl/varpus#lintu N Ill Pl
varpuslintujen/varpunen#lintu N Gen Pl/varpus#lintu N Gen Pl
tilauksesta/tila#uksi N Ela Sg/tilaus N Ela Sg
vakuutuksenottajan/vakuutuksen#ottaja N Gen Sg/vakuutus#ottaja N Gen Sg
vanavedessä/vana#vesi N Ine Sg
imurauhasia/imu#rauhanen N Par Pl
imusuonia/imu#suoni N Par Pl
etäisyydellä/etä-#isyys N Ade Sg/etäisyys N Ade Sg
avokela/avoke#la N
salafismi/sala#fis#mi N/sala-#fis#mi N
salafisti/sala#fis#ti N/sala-#fis#ti N
salafismi/sala#fis#mi N/sala-#fis#mi N
dodekafonia/do#deka-#foni N Par Sg/dodeka-#foni N Par Sg
eilisin/ei-#lisä N Ins Pl/eilinen A Pos Ins Pl/eilinen A Superl Nom Sg/eilinen N Ins Pl
eilispäivänä/eilinen#päivä N Ess Sg/eilis#päivä N Ess Sg
puolijohdediodin/puoli#johde#di-#ota N Ins Pl/puoli#johde#diodi N Gen Sg/puolijohde#diodi N Gen Sg
jalkapatikassa/jalka#patikka N Ine Sg
jalkapelillä/jalka#peli N Ade Sg
jalkapelillä/jalka#peli N Ade Sg
sanoin/san#oka N Ins Pl/sana N Ins Pl/sanoa V Pst Act Sg1
länsiviittaa/länsi#viitta N Par Sg
talviaikaan/talvi#aika N Ill Sg
keskipäivällä/keski#päivä N Ade Sg/keski-#päivä N Ade Sg
ulkoilmassa/ulko#ilma N Ine Sg/ulko-#ilma N Ine Sg
ulkoilmassa/ulko#ilma N Ine Sg/ulko-#ilma N Ine Sg
hutiloiden/huti#luo N Gen Pl/hutiloida V Inf2 Act Ins
macaron/mac#aro N Gen Sg
sisäisin/sisä-#isi N Gen Sg/sisä-#isä N Ins Pl/sisäinen A Pos Ins Pl/sisäinen A Superl Nom Sg
asterikasveja/asteri#kasvi N Par Pl
käsipelillä/käsi#peli N Ade Sg
monipuolisempi/moni-#puolinen A Comp Nom Sg/monipuolinen A Comp Nom Sg
smaragdinaukuja/smaragdi#nauku N Par Pl
matkijanaukuja/matkija#nauku N Par Pl
siniminla/sini#min#la N
keltaminla/kelta#min#la N
kirjominla/kirjo#min#la N
isominla/iso#min#la N/iso-#min#la N
kultamaina/kulta#maa N Ess Pl
palila/pali#la N
yöaikaan/yö#aika N Ill Sg
diarkia/di-#arki N Par Pl
permi/per-#mi N
permi/per-#mi N
permi/per-#mi N
permi/per-#mi N
merieläimiä/meri#eläin N Par Pl
kuuriutua/kuuri#utu N Par Sg
skandinavia/skandi#avi N Par Sg
kieltola/kielto#la N
taajuudenmuutin/taajuus#muutti N Gen Sg
domain/do#maa N Ins Pl
jööti/jöö#ti N
taikko/tai#kko N Abbr Nom Sg
tiuhaan/tiu#haka N Gen Sg/tiuha A Pos Ill Sg
sankko/san#kko N Abbr Nom Sg
sälöytyä/sälö#yty N Par Sg
ristiriitoja/risti#riita N Par Pl
fanti/fan#ti N
käsipelillä/käsi#peli N Ade Sg
haiti/hai#ti N
tautomeria/tau#tomera A Pos Par Pl
dimorfia/di-#morfi N Par Sg
dimorfia/di-#morfi N Par Sg
dimorfia/di-#morfi N Par Sg
umpitunnelissa/umpi#tunneli N Ine Sg
vitikko/viti#kko N Abbr Nom Sg
vitsikko/vitsi#kko N Abbr Nom Sg
vaimola/vaimo#la N
statistikko/statisti#kko N Abbr Nom Sg
agami/aga#mi N
ulkopuolella/ulko#puoli N Ade Sg/ulko-#puoli N Ade Sg
rahoituslaitoksen/rahoitus#laitos N Gen Sg
monosomia/mono#som N Par Sg/mono#soma A Pos Par Pl/mono#soma N Par Pl/mono-#som N Par Sg/mono-#soma A Pos Par Pl/mono-#soma N Par Pl
tetrasomia/tetra#som N Par Sg/tetra#soma A Pos Par Pl/tetra#soma N Par Pl/tetra-#som N Par Sg/tetra-#soma A Pos Par Pl/tetra-#soma N Par Pl
tetrasomia/tetra#som N Par Sg/tetra#soma A Pos Par Pl/tetra#soma N Par Pl/tetra-#som N Par Sg/tetra-#soma A Pos Par Pl/tetra-#soma N Par Pl
tetrasomia/tetra#som N Par Sg/tetra#soma A Pos Par Pl/tetra#soma N Par Pl/tetra-#som N Par Sg/tetra-#soma A Pos Par Pl/tetra-#soma N Par Pl
monosomia/mono#som N Par Sg/mono#soma A Pos Par Pl/mono#soma N Par Pl/mono-#som N Par Sg/mono-#soma A Pos Par Pl/mono-#soma N Par Pl
monosomia/mono#som N Par Sg/mono#soma A Pos Par Pl/mono#soma N Par Pl/mono-#som N Par Sg/mono-#soma A Pos Par Pl/mono-#soma N Par Pl
keilapalloa/keila#pallo N Par Sg
tavula/tavu#la N
tavula/tavu#la N
tavula/tavu#la N
monomi/mono#mi N/mono-#mi N
monomi/mono#mi N/mono-#mi N
alustamaton/alusta#matto N Gen Sg/alustaa NegPrc Pos Nom Sg
päämäärään/pää#määrä N Ill Sg/pää-#määrä N Ill Sg
maanperää/maa#perä N Par Sg
mielenterveyskuntoutuja/mielen#terveys#kunto#utu N Par Pl/mieli#terveys#kunto#utu N Par Pl
ravinteeton/ravi#teetto N Gen Sg/ravit#teetto N Gen Sg
metalliton/metal#lito N Gen Sg
ompelematon/ommel#matto N Gen Sg/ommella NegPrc Pos Nom Sg/ompele#matto N Gen Sg
latomaton/lato#matto N Gen Sg/latoa NegPrc Pos Nom Sg
keskustelematon/keskus#tele#matto N Gen Sg/keskus#tele-#matto N Gen Sg/keskustella NegPrc Pos Nom Sg
kosketon/kos#ketto N Gen Sg
pilkkomaton/pilkko#matto N Gen Sg/pilkkoa NegPrc Pos Nom Sg
kuorimaton/kuori#matto N Gen Sg/kuoria NegPrc Pos Nom Sg
kirjautumaton/kirja#utu#matto N Gen Sg/kirjautua NegPrc Pos Nom Sg
aistimaton/aisti#matto N Gen Sg/aistia NegPrc Pos Nom Sg
vanavedessä/vana#vesi N Ine Sg
tuoksumaton/tuoksu#matto N Gen Sg/tuoksua NegPrc Pos Nom Sg
sointumaton/sointu#matto N Gen Sg/sointua NegPrc Pos Nom Sg
sisustamaton/sisusta#matto N Gen Sg/sisustaa NegPrc Pos Nom Sg
sisusteeton/sisus#teetto N Gen Sg
kertomaton/kerto#matto N Gen Sg/kertoa NegPrc Pos Nom Sg
kannusteeton/kannus#teetto N Gen Sg
piilottamaton/pii#lotta#matto N Gen Sg/piilottaa NegPrc Pos Nom Sg
piileskelemätön/pii#leskellä NegPrc Pos Nom Sg
paranematon/par#ane#matto N Gen Sg/parata NegPrc Pos Nom Sg
kirjanpainantaa/kirja#painanta N Par Sg/kirjan#painanta N Par Sg
mielenterveyskuntoutuja/mielen#terveys#kunto#utu N Par Pl/mieli#terveys#kunto#utu N Par Pl
mielenterveyskuntoutuja/mielen#terveys#kunto#utu N Par Pl/mieli#terveys#kunto#utu N Par Pl
kuntoutuja/kunto#utu N Par Pl
mielenterveyskuntoutuja/mielen#terveys#kunto#utu N Par Pl/mieli#terveys#kunto#utu N Par Pl
ottomoottorin/otto#moottori N Gen Sg
pystysuoraan/pysty#suora A Pos Ill Sg
pystysuorassa/pysty#suora A Pos Ine Sg
tuleutua/tule#utu N Par Sg
tautomeria/tau#tomera A Pos Par Pl
ylävirtaan/ylä#virta N Ill Sg/ylä-#virta N Ill Sg
alavirtaan/ala#virta N Ill Sg/ala-#virta N Ill Sg
alavirtaan/ala#virta N Ill Sg/ala-#virta N Ill Sg
ylävirtaan/ylä#virta N Ill Sg/ylä-#virta N Ill Sg
alentuen/ale#tuki N Gen Sg/alentua V Inf2 Act Ins
mannermaiseen/manner#mainen A Pos Ill Sg/mannermainen A Pos Ill Sg
televisioon/tele#visio N Ill Sg/tele-#visio N Ill Sg
mielenterveyskuntoutuja/mielen#terveys#kunto#utu N Par Pl/mieli#terveys#kunto#utu N Par Pl
yläpuolella/ylä#puoli N Ade Sg/ylä-#puoli N Ade Sg
alapuolella/ala#puoli N Ade Sg/ala-#puoli N Ade Sg
alapuolella/ala#puoli N Ade Sg/ala-#puoli N Ade Sg
yläpuolella/ylä#puoli N Ade Sg/ylä-#puoli N Ade Sg
toisiaan/toinen N Par Pl Px3/toinen Num Ord Par Pl Px3/toinen Ord Par Px3#/toinen Pron Par Pl Px3
toisensa/toinen N Gen Sg Px3/toinen N Nom Pl Px3/toinen N Nom Sg Px3/toinen Num Ord Gen Sg Px3/toinen Num Ord Nom Pl Px3/toinen Num Ord Nom Sg Px3/toinen Ord Px3#/toinen Pron Gen Sg Px3/toinen Pron Nom Pl Px3/toinen Pron Nom Sg Px3
pervitiini/per-#viti N Ill Sg PxSg1
puolensataa/puoli#sata N Par Sg
puolensataa/puoli#sata N Par Sg
perseillä/per-#sei N Ade Pl/per-#sei N Ade Sg/perse N Ade Pl
erämaan/erä#maa N Gen Sg
puolitoista/puoli#toinen N Par Sg
puolentoista/puoli#toinen N Par Sg
puolitoista/puoli#toinen N Par Sg
puolitoista/puoli#toinen N Par Sg
kuivaltaan/kui#valta N Ill Sg/kuiva A Pos Abl Sg Px3
kuivillaan/kui#villa N Ill Sg/kuiva A Pos Ade Pl Px3/kuivilla Adv Px3
verovaroin/vero#vara N Ins Pl/vero#varat N Ins Pl
verovaroin/vero#vara N Ins Pl/vero#varat N Ins Pl
pääjuurisen/pää#-juurinen A Pos Gen Sg/pää-#-juurinen A Pos Gen Sg
tiuhaan/tiu#haka N Gen Sg/tiuha A Pos Ill Sg
elinvoimaisimmilla/elin#-voimainen A Superl Ade Pl/elin#voi#mainen A Superl Ade Pl/elin#voimainen A Superl Ade Pl
junttila/juntti#la N
perseillä/per-#sei N Ade Pl/per-#sei N Ade Sg/perse N Ade Pl
vastahankaan/vasta N Nom Sg Foc_hAn Foc_kAAn/vasta#hanka N Ill Sg/vasta-#hanka N Ill Sg
kurkunkannen/kurkku#kansi N Gen Sg/kurkun#kansi N Gen Sg
kokonaisuudessaan/koko#nainen#uusi A Pos Ine Sg Px3/koko#naisuus N Ine Sg Px3/kokonaisuus N Ine Sg Px3
kokonaisuudessaan/koko#nainen#uusi A Pos Ine Sg Px3/koko#naisuus N Ine Sg Px3/kokonaisuus N Ine Sg Px3
pystysuorassa/pysty#suora A Pos Ine Sg
oikotietä/oiko#tie N Par Sg
oikotietä/oiko#tie N Par Sg
vierailukäynnillä/vierailu#käynti N Ade Sg/vierailukäynti N Ade Sg
ulkopuolelta/ulko#puoli N Abl Sg/ulko-#puoli N Abl Sg
ulkomuistista/ulko#muisti N Ela Sg/ulko-#-muistinen A Pos Par Sg/ulko-#muisti N Ela Sg
ulkomuistista/ulko#muisti N Ela Sg/ulko-#-muistinen A Pos Par Sg/ulko-#muisti N Ela Sg
ulkopuolelta/ulko#puoli N Abl Sg/ulko-#puoli N Abl Sg
ulkopuolelle/ulko#puoli N All Sg/ulko-#puoli N All Sg
yläpuolelle/ylä#puoli N All Sg/ylä-#puoli N All Sg
alapuolelle/ala#puoli N All Sg/ala-#puoli N All Sg
yläpuolelta/ylä#puoli N Abl Sg/ylä-#puoli N Abl Sg
alapuolelta/ala#puoli N Abl Sg/ala-#puoli N Abl Sg
alapuolelta/ala#puoli N Abl Sg/ala-#puoli N Abl Sg
yläpuolelta/ylä#puoli N Abl Sg/ylä-#puoli N Abl Sg
alapuolelle/ala#puoli N All Sg/ala-#puoli N All Sg
yläpuolella/ylä#puoli N Ade Sg/ylä-#puoli N Ade Sg
ulkopuolella/ulko#puoli N Ade Sg/ulko-#puoli N Ade Sg
sisäpuolella/sisä#puoli N Ade Sg/sisä-#puoli N Ade Sg
ulkopuolelle/ulko#puoli N All Sg/ulko-#puoli N All Sg
sisäpuolelle/sisä#puoli N All Sg/sisä-#puoli N All Sg
ulkopuolelta/ulko#puoli N Abl Sg/ulko-#puoli N Abl Sg
sisäpuolelta/sisä#puoli N Abl Sg/sisä-#puoli N Abl Sg
sisäpuolella/sisä#puoli N Ade Sg/sisä-#puoli N Ade Sg
ulkopuolella/ulko#puoli N Ade Sg/ulko-#puoli N Ade Sg
sisäpuolelle/sisä#puoli N All Sg/sisä-#puoli N All Sg
ulkopuolelle/ulko#puoli N All Sg/ulko-#puoli N All Sg
sisäpuolelta/sisä#puoli N Abl Sg/sisä-#puoli N Abl Sg
ulkopuolelta/ulko#puoli N Abl Sg/ulko-#puoli N Abl Sg
etupuolella/etu#puoli N Ade Sg/etu-#puoli N Ade Sg
lähiaikoina/lähi#aika N Ess Pl/lähi-#aika N Ess Pl
lähiaikoina/lähi#aika N Ess Pl/lähi-#aika N Ess Pl
maailmalla/maa#ilma N Ade Sg
ulkomailla/ulko#maa N Ade Pl/ulko-#maa N Ade Pl
maailmalle/maa#ilma N All Sg
maailmalta/maa#ilma N Abl Sg
rekkautua/rekka#utu N Par Sg
vuoteen/vuo#tee N Gen Sg/vuode N Gen Sg/vuosi N Ill Sg
skandinavia/skandi#avi N Par Sg
peräperää/perä#perä N Par Sg
peräperää/perä#perä N Par Sg
peräperää/perä#perä N Par Sg
tuleutua/tule#utu N Par Sg
salvare/salva#re N
hammaslankain/hammas#lanka N Gen Pl
varovaisuutta/varoa PrsPrc Act#uusi A Pos Par Sg/varovaisuus N Par Sg
varovaisuutta/varoa PrsPrc Act#uusi A Pos Par Sg/varovaisuus N Par Sg
nimenomaan/nimen#omaan/nimi#oma A Pos Ill Sg
ilta-aikaan/ilta#aika N Ill Sg
suorastaan/suo#rasta N Ill Sg/suo#rastaan/suo#rastas N Gen Sg/suora A Pos Ela Sg Px3/suora N Ela Sg Px3
sialuria/sial#ura N Par Pl
toisiamme/toinen N Par Pl PxPl1/toinen Num Ord Par Pl PxPl1/toinen Ord Par PxPl1#/toinen Pron Par Pl PxPl1
toistamme/toinen N Par Sg PxPl1/toinen Num Ord Par Sg PxPl1/toinen Ord Par PxPl1#/toinen Pron Par Sg PxPl1/toistaa V Prs Act Pl1
toisiamme/toinen N Par Pl PxPl1/toinen Num Ord Par Pl PxPl1/toinen Ord Par PxPl1#/toinen Pron Par Pl PxPl1
murrosikäisiin/murros#ikä#isi N Ill Sg/murros#ikä#isä N Ill Pl/murros#ikäinen A Pos Ill Pl
leikkimielessä/leikki#mieli N Ine Sg/leikki-#mieli N Ine Sg
pulautella/pula#ute N Ade Sg
pulautella/pula#ute N Ade Sg
yhteenliitettynä/yhde#liitetty A Pos Ess Sg/yhteen#liitetty A Pos Ess Sg
päällystein/päällys#tee N Ins Pl/päällys#tie N Ins Pl/päällyste N Ins Pl
postiennakolla/posti#ennakko N Ade Sg
afromosia/afro#mosa N Par Pl
karvakko/karva#kko N Abbr Nom Sg
sinikko/sini#kko N Abbr Nom Sg
virola/viro#la N
kaurakko/kaura#kko N Abbr Nom Sg
tahmakko/tahma#kko N Abbr Nom Sg
kosso/kos#so N
elemi/ele#mi N
afromosia/afro#mosa N Par Pl
karvakko/karva#kko N Abbr Nom Sg
sinikko/sini#kko N Abbr Nom Sg
virola/viro#la N
kaurakko/kaura#kko N Abbr Nom Sg
tahmakko/tahma#kko N Abbr Nom Sg
kosso/kos#so N
elemi/ele#mi N
kaurakko/kaura#kko N Abbr Nom Sg
tasajyvällä/tasa#jyvä N Ade Sg
rukola/ruko#la N
alkajaisiksi/alkaja#isi N Tra Sg/alkaja#isä N Tra Pl/alkajainen N Tra Pl/alkajaiset N Tra Pl
alkajaisiksi/alkaja#isi N Tra Sg/alkaja#isä N Tra Pl/alkajainen N Tra Pl/alkajaiset N Tra Pl
karsimaton/karsi#matto N Gen Sg/karsia NegPrc Pos Nom Sg
vajakko/vaja#kko N Abbr Nom Sg
mittautua/mitta#utu N Par Sg
vaakatasossa/vaaka#taso N Ine Sg
pystysuorassa/pysty#suora A Pos Ine Sg
ulkonevana/ulko#neva A Pos Ess Sg/ulko-#neva N Ess Sg/ulota PrsPrc Act Pos Ess Sg
loppumaisillaan/loppu#mainen A Pos Ade Pl Px3/loppua V Act Inf5 Px3
tavanmukaiseksi/tapa#mukainen A Pos Tra Sg/tavan#mukainen A Pos Tra Sg
oikeudenmukaisuuden/oikeuden#mukaisuus N Gen Sg/oikeus#mukaisuus N Gen Sg
epäsopivalla/epä#sopiva A Pos Ade Sg/epä-#sopiva A Pos Ade Sg
taikko/tai#kko N Abbr Nom Sg
maksamadon/maksa#mato N Gen Sg
maksamaan/maksa#maa N Gen Sg/maksaa AgPrc Pos Ill Sg/maksaa V Inf3 Ill
tyvipätkän/tyvi#pätkä N Gen Sg
vallankäytölle/vallan#käyttö N All Sg/valta#käyttö N All Sg
pikkula/pikku-#la N
jumalanpalveluksen/jumala#palvelus N Gen Sg/jumalan#palvelus N Gen Sg
rihlakko/rihla#kko N Abbr Nom Sg
uhriutua/uhri#utu N Par Sg
tosiasiassa/tosi#asia N Ine Sg
suorastaan/suo#rasta N Ill Sg/suo#rastaan/suo#rastas N Gen Sg/suora A Pos Ela Sg Px3/suora N Ela Sg Px3
solakko/sola#kko N Abbr Nom Sg
etureunasolakko/etu#reuna#sola#kko N Abbr Nom Sg/etu-#reuna#sola#kko N Abbr Nom Sg
etureunasolakko/etu#reuna#sola#kko N Abbr Nom Sg/etu-#reuna#sola#kko N Abbr Nom Sg
solakko/sola#kko N Abbr Nom Sg
suokko/suo#kko N Abbr Nom Sg
laiminlyövä/laimin#lyödä PrsPrc Act Pos Nom Sg
taimittaa/tai#mitta N Par Sg
skandinavia/skandi#avi N Par Sg
salafismi/sala#fis#mi N/sala-#fis#mi N
salafismi/sala#fis#mi N/sala-#fis#mi N
pähkinänkuoressa/pähkinä#kuori N Ine Sg/pähkinän#kuori N Ine Sg
koksikoksin/koksi#koksi N Gen Sg
skepsismi/skepsis#mi N
luottamaton/luotta#matto N Gen Sg/luottaa NegPrc Pos Nom Sg
kohtalaisen/kohta#lainen A Pos Gen Sg
nyymi/nyy#mi N
albuminuria/albumi#ura N Par Pl
jääkiekossa/jää#kiekko N Ine Sg
lingvistikko/lingvisti#kko N Abbr Nom Sg
lingvistikko/lingvisti#kko N Abbr Nom Sg
