001 0 abo
001 0 aho
001 A ukko
001 A akku
001 B hippu
001 B happo
001 C otto
001 C aatto
001 D alku
001 D haku
001 E käpy
001 E apu
001 F etu
001 F itu
001 G hinku
001 G hanko
001 H kumpu
001 H umpu
001 I melto
001 I aalto
001 J into
001 J anto
001 K uurto
001 K kerto
001 M kyky
001 M luku
002 0 hiomo
002 0 ajelu
003 0 avio
003 0 ehiö
004 A älykkö
004 A emakko
005 0 cup
005 0 abi
005 A häkki
005 A ukki
005 B pop
005 B oppi
005 C bitti
005 C hytti
005 D laki
005 D korpilaki
005 E hupi
005 F ahti
005 F ahti
005 G konki
005 G lunki
005 I pelti
005 J arenti
005 J anti
006 0 agar
006 0 rial
007 0 ovi
007 0 lovi
007 A kaikki
007 B appi
007 B sappi
007 D hiki
007 D joki
007 E alpi
007 E läpi
007 F haahti
007 F lahti
007 G kanki
007 G onki
007 H impi
007 H lampi
007 L arki
007 L olki
008 0 byte
008 0 ale
008 A nukke
008 B jeppe
008 C bourette
009 0 eka
009 0 ala
009 A ankka
009 A akka
009 B hipat
009 B heppa
009 C aitta
009 C aortta
009 D lika
009 D aika
009 E aapa
009 E napa
009 F aita
009 F ehta
009 G jenka
009 G hanka
009 H kampa
009 H rampa
009 I kelta
009 I ilta
009 J hinta
009 J panta
009 K merta
009 K kerta
010 0 boa
010 0 emä
010 A änkkä
010 A hukka
010 B häppä
010 B koppa
010 C lotta
010 C kyttä
010 D ikä
010 D oka
010 E hupa
010 E tupa
010 F itä
010 F hätä
010 G honka
010 H kompa
010 I multa
010 I kulta
010 J kunta
010 J häntä
010 K turta
010 L ylkä
011 0 itara
011 0 ahava
012 0 urea
012 0 asia
013 0 aluna
013 0 apila
014 A äläkkä
014 A elukka
014 B ulappa
014 C pohatta
014 C ometta
015 0 äkeä
015 0 apea
016 0 kumpikin
016 0 kumpikaan
016 H kumpi
016 H ehompi
017 0 keruu
017 0 epuu
018 0 jää
018 0 hai
019 0 suo
019 0 yö
020 0 bukee
020 0 bebee
021 0 gay
021 0 brie
022 0 buffet
022 0 nougat
023 0 lohi
023 0 tuli
024 0 uni
024 0 hiili
025 0 liemi
025 0 lumi
026 0 veri
026 0 ääni
027 0 mesi
027 0 käsi
028 0 kansi
028 0 orsi
028 I jälsi
029 0 lapsi
030 0 peitsi
031 0 yksi
031 0 kaksi
032 0 aamen
032 0 sävel
032 C tytär
032 C tatar
032 D ien
033 0 astin
033 0 elin
033 C asetin
033 C otin
033 D puin
033 E raavin
033 E kaavin
033 F ydin
033 F pidin
033 I puhallin
033 I askellin
033 J kannin
033 J antimet
033 K avarrin
033 K kerroin
033 L poljin
033 L paljin
034 0 alaston
034 B hapan
034 C iätön
034 C avuton
035 H lämmin
036 0 alin
036 0 enin
037 0 vasen
038 0 öinen
038 0 alinen
039 0 ajos
039 0 emäs
040 0 etuus
040 0 äkeys
041 0 oras
041 0 eräs
041 A rakas
041 A iäkäs
041 B lipas
041 B opas
041 C altis
041 C raitis
041 D äes
041 D ies
041 E havas
041 F ahdas
041 F hidas
041 G kangas
041 G rengas
041 H hammas
041 H lammas
041 I allas
041 I kallas
041 J kinnas
041 J vannas
041 K harras
041 K parras
042 0 mies
043 0 ohut
043 0 ehyt
043 H immyt
044 0 kevät
044 0 venät
045 0 sadas
045 0 mones
046 0 tuhat
047 0 mennyt
047 0 nainut
048 0 ane
048 0 hie
048 A hake
048 A rike
048 B ape
048 B kampe
048 C hete
048 C ote
048 D aie
048 D jae
048 E kuve
048 E rove
048 F ahde
048 F lude
048 H lumme
048 I imelle
048 I helle
048 J lanne
048 J enne
048 K murre
048 K aarre
048 L hylje
048 L elje
049 0 huhmar
049 0 auer
049 D säen
049 E taival
049 F udar
049 G penger
049 H ommel
049 J kinner
049 J kannel
