kuukausi?
kitaristi
televisio?
asumaton
maailma?
palaveri
voilokki
aputai
haikara
maalata
mangareva
dodo
maalari
uteriitti
monasteri
osmaniksi  //??? adv osmanin kielell
tripata
barbaari
jihadismi //  ismit ylipäätään?
gestori
minbar
arpitaani
tiipii
henkisyys idyllisyys kivisyys kyynisyys metsäisyys määräisyys syntisyys äänisyys leikkisyys
tupakaton ?
vireisyys
fissiili
tiimari
suorasti suulaasti sävyisästi 
hiekoitus
hiphoppari
syylari
kuunata
kuunansa
luurata
liriope
maarikki
taurikki
maksamaa ?? miksi taiv mto mukana.. Maksamaan kunta sitävstoin ok
uniseksi
kuivana ??
sävyisä
fistaus






voilokki
maalata
aputai # kieli :-)
haikara
asumaton
palaveri

