abstraktistua
abstraktistun
abstraktistuu
abstraktistuta
abstraktistunee
abstraktistui
abstraktistuttu
abstraktistuen
abstraktistuisi
abstraktistuma
abstraktistukaa
haukkoa
haukon
haukkoo
haukota
haukkonee
haukkoi
haukottu
haukkoen
haukkoisi
haukkoma
haukkokaa
harppoa
harpon
harppoo
harpota
harpponee
harppoi
harpottu
harppoen
harppoisi
harppoma
harppokaa
ajettua
ajetun
ajettuu
ajetuta
ajettunee
ajettui
ajetuttu
ajettuen
ajettuisi
ajettuma
ajettukaa
aikoa
aion
aikoo
aiota
aikonee
aikoi
aiottu
aikoen
aikoisi
aikoma
aikokaa
arpoa
arvon
arpoo
arvota
arponee
arpoi
arvottu
arpoen
arpoisi
arpoma
arpokaa
aavikoitua
aavikoidun
aavikoituu
aavikoiduta
aavikoitunee
aavikoitui
aavikoiduttu
aavikoituen
aavikoituisi
aavikoituma
aavikoitukaa
hinkua
hingun
hinkuu
hinguta
hinkunee
hinkui
hinguttu
hinkuen
hinkuisi
hinkuma
hinkukaa
ampua
ammun
ampuu
ammuta
ampunee
ampui
ammuttu
ampuen
ampuisi
ampuma
ampukaa
haaltua
haallun
haaltuu
haalluta
haaltunee
haaltui
haalluttu
haaltuen
haaltuisi
haaltuma
haaltukaa
ajaantua
ajaannun
ajaantuu
ajaannuta
ajaantunee
ajaantui
ajaannuttu
ajaantuen
ajaantuisi
ajaantuma
ajaantukaa
avartua
avarrun
avartuu
avarruta
avartunee
avartui
avarruttu
avartuen
avartuisi
avartuma
avartukaa
aakkostaa
aakkostan
aakkostaa
aakkosteta
aakkostanee
aakkosti
aakkostettu
aakkostaen
aakkostaisi
aakkostama
aakkostakaa
aallottaa
aallotan
aallottaa
aalloteta
aallottanee
aallotti
aallotettu
aallottaen
aallottaisi
aallottama
aallottakaa
purkaa
puran
purkaa
pureta
purkanee
purki
purettu
purkaen
purkaisi
purkama
purkakaa
ailahtaa
ailahdan
ailahtaa
ailahdeta
ailahtanee
ailahti
ailahdettu
ailahtaen
ailahtaisi
ailahtama
ailahtakaa
Lat+?
Sg1+?
Sg3+?
ConNeg+?
Sg3+?
Sg3+?
ConNeg+?
Ins+?
ConNeg+?
Sg+?
Pl2+?
sortaa
sorran
sortaa
sorreta
sortanee
sorsi
sorti
sorrettu
sortaen
sortaisi
sortama
sortakaa
Lat+?
Sg1+?
Sg3+?
ConNeg+?
Sg3+?
Sg3+?
ConNeg+?
Ins+?
ConNeg+?
Sg+?
Pl2+?
huutaa
huudan
huutaa
huudeta
huutanee
huusi
huudettu
huutaen
huutaisi
huutama
huutakaa
askeltaa
askellan
askeltaa
askelleta
askeltanee
askelsi
askellettu
askeltaen
askeltaisi
askeltama
askeltakaa
aientaa
aiennan
aientaa
aienneta
aientanee
aiensi
aiennettu
aientaen
aientaisi
aientama
aientakaa
ahertaa
aherran
ahertaa
aherreta
ahertanee
ahersi
aherrettu
ahertaen
ahertaisi
ahertama
ahertakaa
soutaa
soudan
soutaa
soudeta
soutanee
sousi
souti
soudettu
soutaen
soutaisi
soutama
soutakaa
Lat+?
Sg1+?
Sg3+?
ConNeg+?
Sg3+?
Sg3+?
ConNeg+?
Ins+?
ConNeg+?
Sg+?
Pl2+?
Lat+?
Sg1+?
Sg3+?
ConNeg+?
Sg3+?
Sg3+?
ConNeg+?
Ins+?
ConNeg+?
Sg+?
Pl2+?
ajaa
ajan
ajaa
ajeta
ajanee
ajoi
ajettu
ajaen
ajaisi
ajama
ajakaa
virkkaa
virkan
virkkaa
virketa
virkkanee
virkkoi
virkettu
virkkaen
virkkaisi
virkkama
virkkakaa
appaa
apan
appaa
apeta
appanee
appoi
apettu
appaen
appaisi
appama
appakaa
auttaa
autan
auttaa
auteta
auttanee
auttoi
autettu
auttaen
auttaisi
auttama
auttakaa
alkaa
alan
alkaa
aleta
alkanee
alkoi
alettu
alkaen
alkaisi
alkama
alkakaa
ahtaa
ahdan
ahtaa
ahdeta
ahtanee
ahtoi
ahdettu
ahtaen
ahtaisi
ahtama
ahtakaa
antaa
annan
antaa
anneta
antanee
antoi
annettu
antaen
antaisi
antama
antakaa
kaataa
kaadan
kaataa
kaadeta
kaatanee
kaasi
kaatoi
kaadettu
kaataen
kaataisi
kaatama
kaatakaa
kaartaa
kaarran
kaartaa
kaarreta
kaartanee
kaarsi
kaartoi
kaarrettu
kaartaen
kaartaisi
kaartama
kaartakaa
kaitsea
kaitsen
kaitsee
kaitseta
kaitsenee
kaitsi
kaitsettu
kaitsien
kaitsisi
kaitsema
kaitsekaa
hakea
haen
hakee
haeta
hakenee
haki
haettu
hakien
hakisi
hakema
hakekaa
Lat+?
Sg1+?
Sg3+?
ConNeg+?
Sg3+?
Sg3+?
ConNeg+?
Ins+?
ConNeg+?
Sg+?
Pl2+?
kutea
kuden
kutee
kudeta
kutenee
kuti
kudettu
kutien
kutisi
kutema
kutekaa
tunkea
tungen
tunkee
tungeta
tunkenee
tunki
tungettu
tunkien
tunkisi
tunkema
tunkekaa
kulkea
kuljen
kulkee
kuljeta
kulkenee
kulki
kuljettu
kulkien
kulkisi
kulkema
kulkekaa
tuntea
tunnen
tuntee
tunneta
tuntenee
tunsi
tunnettu
tuntien
tuntisi
tuntema
tuntekaa
Lat+?
Sg1+?
Sg3+?
ConNeg+?
Sg3+?
Sg3+?
ConNeg+?
Ins+?
ConNeg+?
Sg+?
Pl2+?
ahmia
ahmin
ahmii
ahmita
ahminee
ahmi
ahmittu
ahmien
ahmisi
ahmima
ahmikaa
hankkia
hankin
hankkii
hankita
hankkinee
hankki
hankittu
hankkien
hankkisi
hankkima
hankkikaa
harppia
harpin
harppii
harpita
harppinee
harppi
harpittu
harppien
harppisi
harppima
harppikaa
moittia
moitin
moittii
moitita
moittinee
moitti
moitittu
moittien
moittisi
moittima
moittikaa
poikia
poiin
poikii
poiita
poikinee
poiki
poiittu
poikien
poikisi
poikima
poikikaa
kaapia
kaavin
kaapii
kaavita
kaapinee
kaapi
kaavittu
kaapien
kaapisi
kaapima
kaapikaa
ahnehtia
ahnehdin
ahnehtii
ahnehdita
ahnehtinee
ahnehti
ahnehdittu
ahnehtien
ahnehtisi
ahnehtima
ahnehtikaa
onkia
ongin
onkii
ongita
onkinee
onki
ongittu
onkien
onkisi
onkima
onkikaa
Lat+?
Sg1+?
Sg3+?
ConNeg+?
Sg3+?
Sg3+?
ConNeg+?
Ins+?
ConNeg+?
Sg+?
Pl2+?
sontia
sonnin
sontii
sonnita
sontinee
sonti
sonnittu
sontien
sontisi
sontima
sontikaa
Lat+?
Sg1+?
Sg3+?
ConNeg+?
Sg3+?
Sg3+?
ConNeg+?
Ins+?
ConNeg+?
Sg+?
Pl2+?
aateloida
aateloin
aateloi
aateloida
aateloinee
aateloi
aateloitu
aateloiden
aateloisi
aateloima
aateloikaa
saada
saan
saa
saada
saanee
sai
saatu
saaden
saisi
saama
saakaa
juoda
juon
juo
juoda
juonee
joi
juotu
juoden
joisi
juoma
juokaa
Lat+?
Sg1+?
Sg3+?
ConNeg+?
Sg3+?
Sg3+?
ConNeg+?
Ins+?
ConNeg+?
Sg+?
Pl2+?
ahmaista
ahmaisen
ahmaisee
ahmaista
ahmaissee
ahmaisi
ahmaistu
ahmaisten
ahmaisisi
ahmaisema
ahmaiskaa
vavista
vapisen
vapisee
vavista
vavissee
vapisi
vavistu
vavisten
vapisisi
vapisma
vaviskaa
rangaista
rankaisen
rankaisee
rangaista
rangaissee
rankaisi
rangaistu
rangaisten
rankaisisi
rankaisema
rangaiskaa
aaltoilla
aaltoilen
aaltoilee
aaltoilla
aaltoillee
aaltoili
aaltoiltu
aaltoillen
aaltoilisi
aaltoilema
aaltoilkaa
nakella
nakkelen
nakkelee
nakella
nakellee
nakkeli
nakeltu
nakellen
nakkelisi
nakkelema
nakelkaa
tapella
tappelen
tappelee
tapella
tapellee
tappeli
tapeltu
tapellen
tappelisi
tappelema
tapelkaa
ajatella
ajattelen
ajattelee
ajatella
ajatellee
ajatteli
ajateltu
ajatellen
ajattelisi
ajattelema
ajatelkaa
jaella
jakelen
jakelee
jaella
jaellee
jakeli
jaeltu
jaellen
jakelisi
jakelema
jaelkaa
ailahdella
ailahtelen
ailahtelee
ailahdella
ailahdellee
ailahteli
ailahdeltu
ailahdellen
ailahtelisi
ailahtelema
ailahdelkaa
ommella
ompelen
ompelee
ommella
ommellee
ompeli
ommeltu
ommellen
ompelisi
ompelema
ommelkaa
jokellella
jokeltelen
jokeltelee
jokellella
jokellellee
jokelteli
jokelleltu
jokellellen
jokeltelisi
jokeltelema
jokellelkaa
annella
antelen
antelee
annella
annellee
anteli
anneltu
annellen
antelisi
antelema
annelkaa
askarrella
askartelen
askartelee
askarrella
askarrellee
askarteli
askarreltu
askarrellen
askartelisi
askartelema
askarrelkaa
ahkeroida
ahkeroin
ahkeroitsen
ahkeroi
ahkeroitsee
ahkeroida
ahkeroinee
ahkeroi
ahkeroitsi
ahkeroitu
ahkeroiden
ahkeroisi
ahkeroitsisi
ahkeroima
ahkeroikaa
ansaita
ansaitsen
ansaitsee
ansaita
ansainnee
ansaitsi
ansaittu
ansaiten
ansaitsisi
ansaitsema
ansaitkaa
juosta
juoksen
juoksee
juosta
juossee
juoksi
juostu
juosten
juoksisi
juoksema
juoskaa
Lat+?
Sg1+?
Sg3+?
ConNeg+?
Sg3+?
Sg3+?
ConNeg+?
Ins+?
ConNeg+?
Sg+?
Pl2+?
aleta
alenen
alenee
aleta
alennee
aleni
alettu
aleten
alenisi
alenema
aletkaa
heikota
heikkonen
heikkonee
heikota
heikonnee
heikkoni
heikottu
heikoten
heikkonisi
heikkonema
heikotkaa
hapata
happanen
happanee
hapata
hapannee
happani
hapattu
hapaten
happanisi
happanema
hapatkaa
aueta
aukean
aukenen
aukeaa
aukenee
aueta
auennee
aukeni
aukesi
auettu
aueten
aukeaisi
aukeisi
aukenisi
aukeama
aukenema
auetkaa
halveta
halpenen
halpenee
halveta
halvennee
halpeni
halvettu
halveten
halpenisi
halpenema
halvetkaa
leudota
leutonen
leutonee
leudota
leudonnee
leutoni
leudottu
leudoten
leutonisi
leutonema
leudotkaa
Lat+?
Sg1+?
Sg3+?
ConNeg+?
Sg3+?
Sg3+?
ConNeg+?
Ins+?
ConNeg+?
Sg+?
Pl2+?
Lat+?
Sg1+?
Sg3+?
ConNeg+?
Sg3+?
Sg3+?
ConNeg+?
Ins+?
ConNeg+?
Sg+?
Pl2+?
karjeta
karkenen
karkenee
karjeta
karjennee
karkeni
karjettu
karjeten
karkeaisi
karkenema
karjetkaa
aisata
aisaan
aisaa
aisata
aisannee
aisasi
aisattu
aisaten
aisaisi
aisaama
aisatkaa
aerobikata
aerobikkaan
aerobikkaa
aerobikata
aerobikannee
aerobikkasi
aerobikattu
aerobikaten
aerobikkaisi
aerobikkaama
aerobikatkaa
dipata
dippaan
dippaa
dipata
dipannee
dippasi
dipattu
dipaten
dippaisi
dippaama
dipatkaa
chatata
chattaan
chattaa
chatata
chatannee
chattasi
chatattu
chataten
chattaisi
chattaama
chatatkaa
huoata
huokaan
huokaa
huoata
huoannee
huokasi
huoattu
huoaten
huokaisi
huokaama
huoatkaa
halvata
halvaan
halvaa
halvata
halvannee
halvasi
halvattu
halvaten
halvaisi
halvaama
halvatkaa
ahdata
ahtaan
ahtaa
ahdata
ahdannee
ahtasi
ahdattu
ahdaten
ahtaisi
ahtaama
ahdatkaa
hangata
hankaan
hankaa
hangata
hangannee
hankasi
hangattu
hangaten
hankaisi
hankaama
hangatkaa
kammata
kampaan
kampaa
kammata
kammannee
kampasi
kammattu
kammaten
kampaisi
kampaama
kammatkaa
kellata
keltaan
keltaa
kellata
kellannee
keltasi
kellattu
kellaten
keltaisi
keltaama
kellatkaa
suunnata
suuntaan
suuntaa
suunnata
suunnannee
suuntasi
suunnattu
suunnaten
suuntaisi
suuntaama
suunnatkaa
kerrata
kertaan
kertaa
kerrata
kerrannee
kertasi
kerrattu
kerraten
kertaisi
kertaama
kerratkaa
Lat+?
Sg1+?
Sg3+?
ConNeg+?
Sg3+?
Sg3+?
ConNeg+?
Ins+?
ConNeg+?
Sg+?
Pl2+?
erota
eroan
eroaa
erota
eronnee
erosi
erottu
eroten
eroaisi
eroisi
eroama
erotkaa
kaikota
kaikkoan
kaikkoaa
kaikota
kaikonnee
kaikkosi
kaikottu
kaikoten
kaikkoaisi
kaikkoisi
kaikkoama
kaikotkaa
lipota
lippoan
lippoaa
lipota
liponnee
lipposi
lipottu
lipoten
lippoaisi
lippoama
lipotkaa
hiota
hikoan
hikoaa
hiota
hionnee
hikosi
hiottu
hioten
hikoaisi
hikoisi
hikoama
hiotkaa
hervota
herpoan
herpoaa
hervota
hervonnee
herposi
hervottu
hervoten
herpoaisi
herpoisi
herpoama
hervotkaa
kadota
katoan
katoaa
kadota
kadonnee
katosi
kadottu
kadoten
katoaisi
katoama
kadotkaa
hangota
hankoan
hankoaa
hangota
hangonnee
hankosi
hangottu
hangoten
hankoaisi
hankoama
hangotkaa
kammeta
kampean
kampeaa
kammeta
kammennee
kampesi
kammettu
kammeten
kampeaisi
kampeisi
kampeama
kammetkaa
innota
intoan
intoaa
innota
innonnee
intosi
innottu
innoten
intoaisi
intoisi
intoama
innotkaa
irrota
irtoan
irtoaa
irrota
irronnee
irtosi
irrottu
irroten
irtoaisi
irtoisi
irtoama
irrotkaa
haljeta
halkean
halkeaa
haljeta
haljennee
halkesi
haljettu
haljeten
halkeaisi
halkeisi
halkeama
haljetkaa
bingota
bingoan
bingoaa
bingota
bingonnee
bingosi
bingottu
bingoten
bingoaisi
bingoama
bingotkaa
Lat+?
Sg1+?
Sg3+?
ConNeg+?
Sg3+?
Sg3+?
ConNeg+?
Ins+?
ConNeg+?
Sg+?
Pl2+?
Lat+?
Sg1+?
Sg3+?
ConNeg+?
Sg3+?
Sg3+?
ConNeg+?
Ins+?
ConNeg+?
Sg+?
Pl2+?
muodota
muotoan
muotoaa
muodota
muodonnee
muotosi
muodottu
muodoten
muotoaisi
muotoama
muodotkaa
Lat+?
Sg1+?
Sg3+?
ConNeg+?
Sg3+?
Sg3+?
ConNeg+?
Ins+?
ConNeg+?
Sg+?
Pl2+?
aallota
aaltoan
aaltoaa
aallota
aallonnee
aaltosi
aallottu
aalloten
aaltoaisi
aaltoama
aallotkaa
taitaa
taidan
taitaa
taideta
tainnee
taitanee
taisi
taidettu
taitaen
taitaisi
taitama
taitakaa
kumajaa
Sg1+?
kumajaa
ConNeg+?
Sg3+?
kumaji
ConNeg+?
Ins+?
kumajaisi
kumajama
Pl2+?
hohkaa
Sg1+?
hohkaa
ConNeg+?
Sg3+?
Sg3+?
ConNeg+?
Ins+?
hohkaisi
hohkama
Pl2+?
tuikkaa
Sg1+?
tuikkaa
ConNeg+?
Sg3+?
Sg3+?
ConNeg+?
Ins+?
tuikkaisi
tuikkama
Pl2+?
