ukkojen

hiomoiden
hiomoitten
hiomojen

avioiden
avioitten

elikkojen
elikoiden
elikoitten

häkkien

agarien
agareiden
agareitten

kaikki

nukkein
nukkejen

ankkain
ankkojen

fokkien
fokkain

itara

ureain
ureoiden
ureoitten

alunain
alunoiden
alunoitten
alunojen

ulapoiden
ulapoitten
ulappain
ulappojen

upea

kumpi

keruiden
keruitten

jäiden
jäitten

soiden
soitten

bukeiden
bukeitten

gayiden
gayitten
gayjen

buffet’iden

lohien

unien
unten

liemien
lienten

verien

mesien
metten

jälsien
jältten

lapsien
lasten

peisten
peitsien
peitsien

yksi

tytärien
tytärten

asetinten
asettimien

hapanten
happamien

lämmin

alin

vasempien
vasempain
vasenten

öinen

ajoksien
ajosten

etuuksien

rakkaiden
rakkaitten

miehien
miesten

impyiden
impyitten

keväiden
keväitten

sadas

tuhat

menneiden
menneitten

hakkeiden
hakkeitten

kinnerten
kinterien
kintereiden
kintereitten

,

