yksitoista/yksitoista Card#/yksitoista Num Card Pl Nom/yksitoista Num Card Sg Nom
viisikymmentä/viisikymmentä Card#/viisikymmentä Num Card Sg Nom
yksitoista/yksitoista Card#/yksitoista Num Card Pl Nom/yksitoista Num Card Sg Nom
kaksitoista/kaksitoista Card#/kaksitoista Num Card Pl Nom/kaksitoista Num Card Sg Nom
kaksitoista/kaksitoista Card#/kaksitoista Num Card Pl Nom/kaksitoista Num Card Sg Nom
yksitoista/yksitoista Card#/yksitoista Num Card Pl Nom/yksitoista Num Card Sg Nom
kolmetoista/kolmetoista Card#/kolmetoista Num Card Sg Nom
kolmetoista/kolmetoista Card#/kolmetoista Num Card Sg Nom
kaksitoista/kaksitoista Card#/kaksitoista Num Card Pl Nom/kaksitoista Num Card Sg Nom
neljätoista/neljästoista Num Sg Nom/neljästoista#/neljätoista Card#/neljätoista Num Card Sg Nom
neljätoista/neljästoista Num Sg Nom/neljästoista#/neljätoista Card#/neljätoista Num Card Sg Nom
kolmetoista/kolmetoista Card#/kolmetoista Num Card Sg Nom
viisitoista/viisitoista Card#/viisitoista Num Card Pl Nom/viisitoista Num Card Sg Nom
viisitoista/viisitoista Card#/viisitoista Num Card Pl Nom/viisitoista Num Card Sg Nom
neljätoista/neljästoista Num Sg Nom/neljästoista#/neljätoista Card#/neljätoista Num Card Sg Nom
kuusitoista/kuusi#toinen N Par Sg/kuusitoista Card#/kuusitoista Num Card Pl Nom/kuusitoista Num Card Sg Nom
kuusitoista/kuusi#toinen N Par Sg/kuusitoista Card#/kuusitoista Num Card Pl Nom/kuusitoista Num Card Sg Nom
viisitoista/viisitoista Card#/viisitoista Num Card Pl Nom/viisitoista Num Card Sg Nom
seitsemäntoista/seitsemän-#toinen N Par Sg/seitsemäntoista Card#/seitsemäntoista Num Card Sg Gen/seitsemäntoista Num Card Sg Nom/seitsemästoista Num Sg Gen/seitsemästoista Num Sg Nom/seitsemästoista
seitsemäntoista/seitsemän-#toinen N Par Sg/seitsemäntoista Card#/seitsemäntoista Num Card Sg Gen/seitsemäntoista Num Card Sg Nom/seitsemästoista Num Sg Gen/seitsemästoista Num Sg Nom/seitsemästoista
kuusitoista/kuusi#toinen N Par Sg/kuusitoista Card#/kuusitoista Num Card Pl Nom/kuusitoista Num Card Sg Nom
kahdeksantoista/kahdeksantoista Card#/kahdeksantoista Num Card Sg Gen/kahdeksantoista Num Card Sg Nom/kahdeksastoista Num Sg Gen/kahdeksastoista Num Sg Nom/kahdeksastoista
kahdeksantoista/kahdeksantoista Card#/kahdeksantoista Num Card Sg Gen/kahdeksantoista Num Card Sg Nom/kahdeksastoista Num Sg Gen/kahdeksastoista Num Sg Nom/kahdeksastoista
seitsemäntoista/seitsemän-#toinen N Par Sg/seitsemäntoista Card#/seitsemäntoista Num Card Sg Gen/seitsemäntoista Num Card Sg Nom/seitsemästoista Num Sg Gen/seitsemästoista Num Sg Nom/seitsemästoista
yhdeksäntoista/yhdeksäntoista Card#/yhdeksäntoista Num Card Sg Gen/yhdeksäntoista Num Card Sg Nom/yhdeksästoista Num Sg Gen/yhdeksästoista Num Sg Nom/yhdeksästoista
yhdeksäntoista/yhdeksäntoista Card#/yhdeksäntoista Num Card Sg Gen/yhdeksäntoista Num Card Sg Nom/yhdeksästoista Num Sg Gen/yhdeksästoista Num Sg Nom/yhdeksästoista
kahdeksantoista/kahdeksantoista Card#/kahdeksantoista Num Card Sg Gen/kahdeksantoista Num Card Sg Nom/kahdeksastoista Num Sg Gen/kahdeksastoista Num Sg Nom/kahdeksastoista
kaksikymmentä/kaksikymmentä Card#/kaksikymmentä Num Card Sg Nom
kaksikymmentä/kaksikymmentä Card#/kaksikymmentä Num Card Sg Nom
yhdeksäntoista/yhdeksäntoista Card#/yhdeksäntoista Num Card Sg Gen/yhdeksäntoista Num Card Sg Nom/yhdeksästoista Num Sg Gen/yhdeksästoista Num Sg Nom/yhdeksästoista
kaksikymmentä/kaksikymmentä Card#/kaksikymmentä Num Card Sg Nom
kaksikymmentä/kaksikymmentä Card#/kaksikymmentä Num Card Sg Nom
kaksisataa/kaksisataa Card#/kaksisataa Num Card Sg Nom
kaksituhatta/kaksituhatta Card#/kaksituhatta Num Card Sg Nom
kolmekymmentä/kolmekymmentä Card#/kolmekymmentä Num Card Sg Nom
yksitoista/yksitoista Card#/yksitoista Num Card Pl Nom/yksitoista Num Card Sg Nom
kaksitoista/kaksitoista Card#/kaksitoista Num Card Pl Nom/kaksitoista Num Card Sg Nom
yhdeksänkymmentä/yhdeksänkymmentä Card Par#/yhdeksänkymmentä Card#/yhdeksänkymmentä Num Card Sg Nom/yhdeksänkymmentä Num Card Sg Par
kaksikymmentä/kaksikymmentä Card#/kaksikymmentä Num Card Sg Nom
kaksikymmentä/kaksikymmentä Card#/kaksikymmentä Num Card Sg Nom
yksitoista/yksitoista Card#/yksitoista Num Card Pl Nom/yksitoista Num Card Sg Nom
viisikolmatta/viisikolmatta Card#/viisikolmatta Num Card Pl Nom/viisikolmatta Num Card Sg Nom
viisikymmentä/viisikymmentä Card#/viisikymmentä Num Card Sg Nom
viisisataa/viisisataa Card#/viisisataa Num Card Sg Nom
kahdeksankymmentä/kahdeksankymmentä Card#/kahdeksankymmentä Num Card Sg Nom
seitsemänkymmentä/seitsemänkymmentä Card#/seitsemänkymmentä Num Card Sg Nom
viisikymmentä/viisikymmentä Card#/viisikymmentä Num Card Sg Nom
kuusikymmentä/kuusikymmentä Card#/kuusikymmentä Num Card Sg Nom
kaksitoista/kaksitoista Card#/kaksitoista Num Card Pl Nom/kaksitoista Num Card Sg Nom
kolmetoista/kolmetoista Card#/kolmetoista Num Card Sg Nom
neljätoista/neljästoista Num Sg Nom/neljästoista#/neljätoista Card#/neljätoista Num Card Sg Nom
viisitoista/viisitoista Card#/viisitoista Num Card Pl Nom/viisitoista Num Card Sg Nom
kuusitoista/kuusi#toinen N Par Sg/kuusitoista Card#/kuusitoista Num Card Pl Nom/kuusitoista Num Card Sg Nom
viisitoista/viisitoista Card#/viisitoista Num Card Pl Nom/viisitoista Num Card Sg Nom
kaksikymmentä/kaksikymmentä Card#/kaksikymmentä Num Card Sg Nom
kolmekymmentä/kolmekymmentä Card#/kolmekymmentä Num Card Sg Nom
